Using pre-set license
Built from '2022.3/staging' branch; Version is '2022.3.4f1 (35713cd46cd7) revision 3502396'; Using compiler version '192829333'; Build Type 'Release'
OS: 'Windows 11  (10.0.22631) 64bit Core' Language: 'en' Physical Memory: 16216 MB
BatchMode: 1, IsHumanControllingUs: 0, StartBugReporterOnCrash: 0, Is64bit: 1, IsPro: 1

COMMAND LINE ARGUMENTS:
C:\Program Files\Unity\Hub\Editor\2022.3.4f1\Editor\Unity.exe
-adb2
-batchMode
-noUpm
-name
AssetImportWorker1
-projectPath
C:/Users/sarab/OneDrive/Documents/GitHub/Floyds-Dreams/game/Floyd's Dreams
-logFile
Logs/AssetImportWorker1.log
-srvPort
51625
Successfully changed project path to: C:/Users/sarab/OneDrive/Documents/GitHub/Floyds-Dreams/game/Floyd's Dreams
C:/Users/sarab/OneDrive/Documents/GitHub/Floyds-Dreams/game/Floyd's Dreams
[UnityMemory] Configuration Parameters - Can be set up in boot.config
    "memorysetup-bucket-allocator-granularity=16"
    "memorysetup-bucket-allocator-bucket-count=8"
    "memorysetup-bucket-allocator-block-size=33554432"
    "memorysetup-bucket-allocator-block-count=8"
    "memorysetup-main-allocator-block-size=16777216"
    "memorysetup-thread-allocator-block-size=16777216"
    "memorysetup-gfx-main-allocator-block-size=16777216"
    "memorysetup-gfx-thread-allocator-block-size=16777216"
    "memorysetup-cache-allocator-block-size=4194304"
    "memorysetup-typetree-allocator-block-size=2097152"
    "memorysetup-profiler-bucket-allocator-granularity=16"
    "memorysetup-profiler-bucket-allocator-bucket-count=8"
    "memorysetup-profiler-bucket-allocator-block-size=33554432"
    "memorysetup-profiler-bucket-allocator-block-count=8"
    "memorysetup-profiler-allocator-block-size=16777216"
    "memorysetup-profiler-editor-allocator-block-size=1048576"
    "memorysetup-temp-allocator-size-main=16777216"
    "memorysetup-job-temp-allocator-block-size=2097152"
    "memorysetup-job-temp-allocator-block-size-background=1048576"
    "memorysetup-job-temp-allocator-reduction-small-platforms=262144"
    "memorysetup-allocator-temp-initial-block-size-main=262144"
    "memorysetup-allocator-temp-initial-block-size-worker=262144"
    "memorysetup-temp-allocator-size-background-worker=32768"
    "memorysetup-temp-allocator-size-job-worker=262144"
    "memorysetup-temp-allocator-size-preload-manager=33554432"
    "memorysetup-temp-allocator-size-nav-mesh-worker=65536"
    "memorysetup-temp-allocator-size-audio-worker=65536"
    "memorysetup-temp-allocator-size-cloud-worker=32768"
    "memorysetup-temp-allocator-size-gi-baking-worker=262144"
    "memorysetup-temp-allocator-size-gfx=262144"
Player connection [12976] Host "[IP] 192.168.56.1 [Port] 0 [Flags] 2 [Guid] 1914087077 [EditorId] 1914087077 [Version] 1048832 [Id] WindowsEditor(7,MSI) [Debug] 1 [PackageName] WindowsEditor [ProjectName] Editor" joined multi-casting on [225.0.0.222:54997]...

Player connection [12976] Host "[IP] 192.168.56.1 [Port] 0 [Flags] 2 [Guid] 1914087077 [EditorId] 1914087077 [Version] 1048832 [Id] WindowsEditor(7,MSI) [Debug] 1 [PackageName] WindowsEditor [ProjectName] Editor" joined alternative multi-casting on [225.0.0.222:34997]...

Refreshing native plugins compatible for Editor in 10.66 ms, found 3 plugins.
Preloading 0 native plugins for Editor in 0.00 ms.
Initialize engine version: 2022.3.4f1 (35713cd46cd7)
[Subsystems] Discovering subsystems at path C:/Program Files/Unity/Hub/Editor/2022.3.4f1/Editor/Data/Resources/UnitySubsystems
[Subsystems] Discovering subsystems at path C:/Users/sarab/OneDrive/Documents/GitHub/Floyds-Dreams/game/Floyd's Dreams/Assets
GfxDevice: creating device client; threaded=0; jobified=0
Direct3D:
    Version:  Direct3D 11.0 [level 11.1]
    Renderer: NVIDIA GeForce MX330 (ID=0x1d16)
    Vendor:   NVIDIA
    VRAM:     1968 MB
    Driver:   32.0.15.6070
Initialize mono
Mono path[0] = 'C:/Program Files/Unity/Hub/Editor/2022.3.4f1/Editor/Data/Managed'
Mono path[1] = 'C:/Program Files/Unity/Hub/Editor/2022.3.4f1/Editor/Data/MonoBleedingEdge/lib/mono/unityjit-win32'
Mono config path = 'C:/Program Files/Unity/Hub/Editor/2022.3.4f1/Editor/Data/MonoBleedingEdge/etc'
Using monoOptions --debugger-agent=transport=dt_socket,embedding=1,server=y,suspend=n,address=127.0.0.1:56896
Begin MonoManager ReloadAssembly
Registering precompiled unity dll's ...
Register platform support module: C:/Program Files/Unity/Hub/Editor/2022.3.4f1/Editor/Data/PlaybackEngines/WindowsStandaloneSupport/UnityEditor.WindowsStandalone.Extensions.dll
Registered in 0.012472 seconds.
- Loaded All Assemblies, in  0.523 seconds
Native extension for WindowsStandalone target not found
Mono: successfully reloaded assembly
- Finished resetting the current domain, in  0.398 seconds
Domain Reload Profiling: 919ms
	BeginReloadAssembly (143ms)
		ExecutionOrderSort (0ms)
		DisableScriptedObjects (0ms)
		BackupInstance (0ms)
		ReleaseScriptingObjects (0ms)
		CreateAndSetChildDomain (1ms)
	RebuildCommonClasses (52ms)
	RebuildNativeTypeToScriptingClass (15ms)
	initialDomainReloadingComplete (94ms)
	LoadAllAssembliesAndSetupDomain (216ms)
		LoadAssemblies (137ms)
		RebuildTransferFunctionScriptingTraits (0ms)
		AnalyzeDomain (207ms)
			TypeCache.Refresh (206ms)
				TypeCache.ScanAssembly (183ms)
			ScanForSourceGeneratedMonoScriptInfo (0ms)
			ResolveRequiredComponents (1ms)
	FinalizeReload (399ms)
		ReleaseScriptCaches (0ms)
		RebuildScriptCaches (0ms)
		SetupLoadedEditorAssemblies (312ms)
			LogAssemblyErrors (0ms)
			InitializePlatformSupportModulesInManaged (13ms)
			SetLoadedEditorAssemblies (11ms)
			RefreshPlugins (0ms)
			BeforeProcessingInitializeOnLoad (3ms)
			ProcessInitializeOnLoadAttributes (218ms)
			ProcessInitializeOnLoadMethodAttributes (66ms)
			AfterProcessingInitializeOnLoad (0ms)
			EditorAssembliesLoaded (0ms)
		ExecutionOrderSort2 (0ms)
		AwakeInstancesAfterBackupRestoration (0ms)
========================================================================
Worker process is ready to serve import requests
Begin MonoManager ReloadAssembly
Symbol file LoadedFromMemory doesn't match image C:\Users\sarab\OneDrive\Documents\GitHub\Floyds-Dreams\game\Floyd's Dreams\Library\PackageCache\com.unity.visualscripting@1.8.0\Editor\VisualScripting.Core\Dependencies\YamlDotNet\Unity.VisualScripting.YamlDotNet.dll
Symbol file LoadedFromMemory doesn't match image C:\Users\sarab\OneDrive\Documents\GitHub\Floyds-Dreams\game\Floyd's Dreams\Library\PackageCache\com.unity.visualscripting@1.8.0\Editor\VisualScripting.Core\Dependencies\DotNetZip\Unity.VisualScripting.IonicZip.dll
- Loaded All Assemblies, in  0.845 seconds
Refreshing native plugins compatible for Editor in 3.57 ms, found 3 plugins.
Native extension for WindowsStandalone target not found
Mono: successfully reloaded assembly
- Finished resetting the current domain, in  0.736 seconds
Domain Reload Profiling: 1577ms
	BeginReloadAssembly (176ms)
		ExecutionOrderSort (0ms)
		DisableScriptedObjects (8ms)
		BackupInstance (0ms)
		ReleaseScriptingObjects (0ms)
		CreateAndSetChildDomain (28ms)
	RebuildCommonClasses (40ms)
	RebuildNativeTypeToScriptingClass (13ms)
	initialDomainReloadingComplete (55ms)
	LoadAllAssembliesAndSetupDomain (557ms)
		LoadAssemblies (334ms)
		RebuildTransferFunctionScriptingTraits (0ms)
		AnalyzeDomain (309ms)
			TypeCache.Refresh (289ms)
				TypeCache.ScanAssembly (275ms)
			ScanForSourceGeneratedMonoScriptInfo (15ms)
			ResolveRequiredComponents (5ms)
	FinalizeReload (737ms)
		ReleaseScriptCaches (0ms)
		RebuildScriptCaches (0ms)
		SetupLoadedEditorAssemblies (540ms)
			LogAssemblyErrors (0ms)
			InitializePlatformSupportModulesInManaged (7ms)
			SetLoadedEditorAssemblies (3ms)
			RefreshPlugins (0ms)
			BeforeProcessingInitializeOnLoad (80ms)
			ProcessInitializeOnLoadAttributes (411ms)
			ProcessInitializeOnLoadMethodAttributes (28ms)
			AfterProcessingInitializeOnLoad (10ms)
			EditorAssembliesLoaded (0ms)
		ExecutionOrderSort2 (0ms)
		AwakeInstancesAfterBackupRestoration (11ms)
Launched and connected shader compiler UnityShaderCompiler.exe after 0.06 seconds
Refreshing native plugins compatible for Editor in 7.24 ms, found 3 plugins.
Preloading 0 native plugins for Editor in 0.00 ms.
Unloading 2991 Unused Serialized files (Serialized files now loaded: 0)
Unloading 32 unused Assets / (89.6 KB). Loaded Objects now: 3461.
Memory consumption went from 114.6 MB to 114.5 MB.
Total: 7.704700 ms (FindLiveObjects: 0.305600 ms CreateObjectMapping: 0.325400 ms MarkObjects: 6.448400 ms  DeleteObjects: 0.621000 ms)

AssetImportParameters requested are different than current active one (requested -> active):
  custom:container-demuxer-ogg: 62fdf1f143b41e24485cea50d1cbac27 -> 
  custom:video-decoder-ogg-theora: a1e56fd34408186e4bbccfd4996cb3dc -> 
  custom:framework-win-MediaFoundation: 216162199b28c13a410421893ffa2e32 -> 
  custom:CustomObjectIndexerAttribute: 756ad292c208cfabdd7b50bc23989ffe -> 
  custom:container-demuxer-webm: 4f35f7cbe854078d1ac9338744f61a02 -> 
  custom:container-muxer-webm: aa71ff27fc2769a1b78a27578f13a17b -> 
  custom:video-decoder-webm-vp8: 9c59270c3fd7afecdb556c50c9e8de78 -> 
  custom:AudioImporter_EditorPlatform: d09bf68614088b80899f8185d706f6e7 -> 
  custom:video-encoder-webm-vp8: eb34c28f22e8b96e1ab97ce403110664 -> 
  custom:audio-decoder-ogg-vorbis: bf7c407c2cedff20999df2af8eb42d56 -> 
  custom:audio-encoder-webm-vorbis: bf7c407c2cedff20999df2af8eb42d56 -> 
========================================================================
Received Import Request.
  Time since last request: 933286.857280 seconds.
  path: Assets/Sprites
  artifactKey: Guid(7a81210e86cf0b3459ca969f87ad7499) Importer(815301076,1909f56bfc062723c751e8b465ee728b)
Start importing Assets/Sprites using Guid(7a81210e86cf0b3459ca969f87ad7499) Importer(815301076,1909f56bfc062723c751e8b465ee728b)  -> (artifact id: 'edce55545f1174eb56b54f0eb77e74eb') in 0.004282 seconds
Number of updated asset objects reloaded before import = 0
Number of asset objects unloaded after import = 0
========================================================================
Received Import Request.
  Time since last request: 0.000020 seconds.
  path: Assets/Sprites/spritesheet FINAL_n.png
  artifactKey: Guid(12cd92268baf5ca4e88d7ff3a0c4c668) Importer(815301076,1909f56bfc062723c751e8b465ee728b)
Start importing Assets/Sprites/spritesheet FINAL_n.png using Guid(12cd92268baf5ca4e88d7ff3a0c4c668) Importer(815301076,1909f56bfc062723c751e8b465ee728b)  -> (artifact id: '8350a687fa8b12a89de6e13c86f4ff7b') in 0.170646 seconds
Number of updated asset objects reloaded before import = 0
Number of asset objects unloaded after import = 2
========================================================================
Received Import Request.
  Time since last request: 12.757478 seconds.
  path: Assets/Sprites/room/balls_n.png
  artifactKey: Guid(6d3cc248cbacb634eb07e055cfb51568) Importer(815301076,1909f56bfc062723c751e8b465ee728b)
Start importing Assets/Sprites/room/balls_n.png using Guid(6d3cc248cbacb634eb07e055cfb51568) Importer(815301076,1909f56bfc062723c751e8b465ee728b)  -> (artifact id: '29f9b0b27ec0b4ebf6363bc849152f34') in 0.011285 seconds
Number of updated asset objects reloaded before import = 0
Number of asset objects unloaded after import = 2
========================================================================
Received Import Request.
  Time since last request: 0.003584 seconds.
  path: Assets/Sprites/room/bed.png
  artifactKey: Guid(b58d3f073210ecd4fbdbaabf7efc0655) Importer(815301076,1909f56bfc062723c751e8b465ee728b)
Start importing Assets/Sprites/room/bed.png using Guid(b58d3f073210ecd4fbdbaabf7efc0655) Importer(815301076,1909f56bfc062723c751e8b465ee728b)  -> (artifact id: '3faa07ad61281375e2c0e4c8a48e184b') in 0.046101 seconds
Number of updated asset objects reloaded before import = 0
Number of asset objects unloaded after import = 3
========================================================================
Received Import Request.
  Time since last request: 0.000025 seconds.
  path: Assets/Sprites/room/table.png
  artifactKey: Guid(b36dfc971a87de347b7c80f95aaa794c) Importer(815301076,1909f56bfc062723c751e8b465ee728b)
Start importing Assets/Sprites/room/table.png using Guid(b36dfc971a87de347b7c80f95aaa794c) Importer(815301076,1909f56bfc062723c751e8b465ee728b)  -> (artifact id: 'b67ccd83a1b8d60c3961e3045c15ae4f') in 0.019426 seconds
Number of updated asset objects reloaded before import = 0
Number of asset objects unloaded after import = 3
========================================================================
Received Import Request.
  Time since last request: 0.000079 seconds.
  path: Assets/Sprites/room/shelf_n.png
  artifactKey: Guid(e0dba92edfffc1d44a1f02bc39b89a7c) Importer(815301076,1909f56bfc062723c751e8b465ee728b)
Start importing Assets/Sprites/room/shelf_n.png using Guid(e0dba92edfffc1d44a1f02bc39b89a7c) Importer(815301076,1909f56bfc062723c751e8b465ee728b)  -> (artifact id: 'a804c40035b54a6fe814fc9b4717570d') in 0.012092 seconds
Number of updated asset objects reloaded before import = 0
Number of asset objects unloaded after import = 2
========================================================================
Received Import Request.
  Time since last request: 0.000033 seconds.
  path: Assets/Sprites/room/table_n.png
  artifactKey: Guid(0ef62b7cd7b59c84982948b00cd74de8) Importer(815301076,1909f56bfc062723c751e8b465ee728b)
Start importing Assets/Sprites/room/table_n.png using Guid(0ef62b7cd7b59c84982948b00cd74de8) Importer(815301076,1909f56bfc062723c751e8b465ee728b)  -> (artifact id: '782042eed47bac5fc6c88f26ff3419f3') in 0.011705 seconds
Number of updated asset objects reloaded before import = 0
Number of asset objects unloaded after import = 2
========================================================================
Received Import Request.
  Time since last request: 0.000032 seconds.
  path: Assets/Sprites/room/silla1_n.png
  artifactKey: Guid(f7fd74e70deb13d43a006eb4b44d191d) Importer(815301076,1909f56bfc062723c751e8b465ee728b)
Start importing Assets/Sprites/room/silla1_n.png using Guid(f7fd74e70deb13d43a006eb4b44d191d) Importer(815301076,1909f56bfc062723c751e8b465ee728b)  -> (artifact id: '49bf2fb118be161de924e0c2b2f408af') in 0.008994 seconds
Number of updated asset objects reloaded before import = 0
Number of asset objects unloaded after import = 2
========================================================================
Received Import Request.
  Time since last request: 0.000076 seconds.
  path: Assets/Sprites/room/window_n.png
  artifactKey: Guid(b781b8ad2179a8d4abfff090e1066164) Importer(815301076,1909f56bfc062723c751e8b465ee728b)
Start importing Assets/Sprites/room/window_n.png using Guid(b781b8ad2179a8d4abfff090e1066164) Importer(815301076,1909f56bfc062723c751e8b465ee728b)  -> (artifact id: '703c7366de79de875d95d3978036faf8') in 0.008148 seconds
Number of updated asset objects reloaded before import = 0
Number of asset objects unloaded after import = 2
========================================================================
Received Import Request.
  Time since last request: 0.000019 seconds.
  path: Assets/Sprites/room/shelf.png
  artifactKey: Guid(5afa65d9ea48cff4d9f14d4a4f3f0e87) Importer(815301076,1909f56bfc062723c751e8b465ee728b)
Start importing Assets/Sprites/room/shelf.png using Guid(5afa65d9ea48cff4d9f14d4a4f3f0e87) Importer(815301076,1909f56bfc062723c751e8b465ee728b)  -> (artifact id: 'b81065ac3e21d73a9a2b9468139a8cc9') in 0.012231 seconds
Number of updated asset objects reloaded before import = 0
Number of asset objects unloaded after import = 3
========================================================================
Received Import Request.
  Time since last request: 0.000032 seconds.
  path: Assets/Sprites/room/window.png
  artifactKey: Guid(0c0674b924eed554f808a0e95e000f47) Importer(815301076,1909f56bfc062723c751e8b465ee728b)
Start importing Assets/Sprites/room/window.png using Guid(0c0674b924eed554f808a0e95e000f47) Importer(815301076,1909f56bfc062723c751e8b465ee728b)  -> (artifact id: 'b82be4877c8d977591badeb4bbb3a034') in 0.019730 seconds
Number of updated asset objects reloaded before import = 0
Number of asset objects unloaded after import = 3
========================================================================
Received Import Request.
  Time since last request: 0.000032 seconds.
  path: Assets/Sprites/room/estanteria.png
  artifactKey: Guid(57b4cc6828ebf5f48890849683b834fa) Importer(815301076,1909f56bfc062723c751e8b465ee728b)
Start importing Assets/Sprites/room/estanteria.png using Guid(57b4cc6828ebf5f48890849683b834fa) Importer(815301076,1909f56bfc062723c751e8b465ee728b)  -> (artifact id: 'b39e13cb93483521146a86655f594085') in 0.015953 seconds
Number of updated asset objects reloaded before import = 0
Number of asset objects unloaded after import = 3
========================================================================
Received Import Request.
  Time since last request: 12.931905 seconds.
  path: Assets/Sprites/room/balls_n.png
  artifactKey: Guid(6d3cc248cbacb634eb07e055cfb51568) Importer(815301076,1909f56bfc062723c751e8b465ee728b)
Start importing Assets/Sprites/room/balls_n.png using Guid(6d3cc248cbacb634eb07e055cfb51568) Importer(815301076,1909f56bfc062723c751e8b465ee728b)  -> (artifact id: '8680ade04debd4e28e64bbb330637726') in 0.008709 seconds
Number of updated asset objects reloaded before import = 0
Number of asset objects unloaded after import = 2
========================================================================
Received Import Request.
  Time since last request: 0.000028 seconds.
  path: Assets/Sprites/room/shroom_n.png
  artifactKey: Guid(8f2ac5f4a163a6a408af9c0076981171) Importer(815301076,1909f56bfc062723c751e8b465ee728b)
Start importing Assets/Sprites/room/shroom_n.png using Guid(8f2ac5f4a163a6a408af9c0076981171) Importer(815301076,1909f56bfc062723c751e8b465ee728b)  -> (artifact id: 'e1692a084bb91c34106bb760022a240c') in 0.007233 seconds
Number of updated asset objects reloaded before import = 0
Number of asset objects unloaded after import = 2
========================================================================
Received Import Request.
  Time since last request: 0.000027 seconds.
  path: Assets/Sprites/room/silla2.png
  artifactKey: Guid(37ac6131423dd3f4890f9da9393bb488) Importer(815301076,1909f56bfc062723c751e8b465ee728b)
Start importing Assets/Sprites/room/silla2.png using Guid(37ac6131423dd3f4890f9da9393bb488) Importer(815301076,1909f56bfc062723c751e8b465ee728b)  -> (artifact id: '0baff4497b137a1a3a386445b7ef4ffd') in 0.012914 seconds
Number of updated asset objects reloaded before import = 0
Number of asset objects unloaded after import = 3
========================================================================
Received Import Request.
  Time since last request: 0.000019 seconds.
  path: Assets/Sprites/room/room_n.png
  artifactKey: Guid(6a89663a67caf59498000d8cabcf3f85) Importer(815301076,1909f56bfc062723c751e8b465ee728b)
Start importing Assets/Sprites/room/room_n.png using Guid(6a89663a67caf59498000d8cabcf3f85) Importer(815301076,1909f56bfc062723c751e8b465ee728b)  -> (artifact id: 'c99625bac1d0b7d541e78edb8c7adb67') in 0.008429 seconds
Number of updated asset objects reloaded before import = 0
Number of asset objects unloaded after import = 2
========================================================================
Received Import Request.
  Time since last request: 0.000030 seconds.
  path: Assets/Sprites/room/silla1.png
  artifactKey: Guid(f2f2bdef2030bff4e96a1b571ff4cd5a) Importer(815301076,1909f56bfc062723c751e8b465ee728b)
Start importing Assets/Sprites/room/silla1.png using Guid(f2f2bdef2030bff4e96a1b571ff4cd5a) Importer(815301076,1909f56bfc062723c751e8b465ee728b)  -> (artifact id: 'ee60468ada3d640e94fa4c00017127e0') in 0.013228 seconds
Number of updated asset objects reloaded before import = 0
Number of asset objects unloaded after import = 3
========================================================================
Received Import Request.
  Time since last request: 0.000089 seconds.
  path: Assets/Sprites/room/estanteria_n.png
  artifactKey: Guid(5b8295f814e0c6c458bb3bc3d769016a) Importer(815301076,1909f56bfc062723c751e8b465ee728b)
Start importing Assets/Sprites/room/estanteria_n.png using Guid(5b8295f814e0c6c458bb3bc3d769016a) Importer(815301076,1909f56bfc062723c751e8b465ee728b)  -> (artifact id: 'd789234df7426bdd2e29af8b2b16c5a4') in 0.008144 seconds
Number of updated asset objects reloaded before import = 0
Number of asset objects unloaded after import = 2
========================================================================
Received Import Request.
  Time since last request: 0.000023 seconds.
  path: Assets/Sprites/room/room.png
  artifactKey: Guid(ba4b64e7ae8aa5e4a8171e9287eba5f9) Importer(815301076,1909f56bfc062723c751e8b465ee728b)
Start importing Assets/Sprites/room/room.png using Guid(ba4b64e7ae8aa5e4a8171e9287eba5f9) Importer(815301076,1909f56bfc062723c751e8b465ee728b)  -> (artifact id: 'ad6e7fa92d294376e10f7ad6c0b5936b') in 0.013896 seconds
Number of updated asset objects reloaded before import = 0
Number of asset objects unloaded after import = 3
========================================================================
Received Import Request.
  Time since last request: 0.000022 seconds.
  path: Assets/Sprites/room/window.png
  artifactKey: Guid(0c0674b924eed554f808a0e95e000f47) Importer(815301076,1909f56bfc062723c751e8b465ee728b)
Start importing Assets/Sprites/room/window.png using Guid(0c0674b924eed554f808a0e95e000f47) Importer(815301076,1909f56bfc062723c751e8b465ee728b)  -> (artifact id: '852a852dd374467e276de2a92c69a8ea') in 0.007967 seconds
Number of updated asset objects reloaded before import = 0
Number of asset objects unloaded after import = 3
========================================================================
Received Import Request.
  Time since last request: 0.000025 seconds.
  path: Assets/Sprites/room/closet_n.png
  artifactKey: Guid(41a761b091f5e65419ad831ab05119f1) Importer(815301076,1909f56bfc062723c751e8b465ee728b)
Start importing Assets/Sprites/room/closet_n.png using Guid(41a761b091f5e65419ad831ab05119f1) Importer(815301076,1909f56bfc062723c751e8b465ee728b)  -> (artifact id: 'acf53d9033ef50026bec3d6d05985cd4') in 0.009432 seconds
Number of updated asset objects reloaded before import = 0
Number of asset objects unloaded after import = 2
Editor requested this worker to shutdown with reason: Scaling down because of idle timeout
TcpMessagingSession - receive error: operation aborted. errorcode: 995, details: The I/O operation has been aborted because of either a thread exit or an application request.
AssetImportWorker is now disconnected from the server
Process exiting
Exiting without the bug reporter. Application will terminate with return code 0