Using pre-set license
Built from '2022.3/staging' branch; Version is '2022.3.4f1 (35713cd46cd7) revision 3502396'; Using compiler version '192829333'; Build Type 'Release'
OS: 'Windows 11  (10.0.22631) 64bit Core' Language: 'en' Physical Memory: 32681 MB
BatchMode: 1, IsHumanControllingUs: 0, StartBugReporterOnCrash: 0, Is64bit: 1, IsPro: 1

COMMAND LINE ARGUMENTS:
C:\Program Files\Unity\Hub\Editor\2022.3.4f1\Editor\Unity.exe
-adb2
-batchMode
-noUpm
-name
AssetImportWorker3
-projectPath
C:/Users/Usuario/Documents/GitHub/Floyds-Dreams/game/Floyd's Dreams
-logFile
Logs/AssetImportWorker3.log
-srvPort
60011
Successfully changed project path to: C:/Users/Usuario/Documents/GitHub/Floyds-Dreams/game/Floyd's Dreams
C:/Users/Usuario/Documents/GitHub/Floyds-Dreams/game/Floyd's Dreams
[UnityMemory] Configuration Parameters - Can be set up in boot.config
    "memorysetup-bucket-allocator-granularity=16"
    "memorysetup-bucket-allocator-bucket-count=8"
    "memorysetup-bucket-allocator-block-size=33554432"
    "memorysetup-bucket-allocator-block-count=8"
    "memorysetup-main-allocator-block-size=16777216"
    "memorysetup-thread-allocator-block-size=16777216"
    "memorysetup-gfx-main-allocator-block-size=16777216"
    "memorysetup-gfx-thread-allocator-block-size=16777216"
    "memorysetup-cache-allocator-block-size=4194304"
    "memorysetup-typetree-allocator-block-size=2097152"
    "memorysetup-profiler-bucket-allocator-granularity=16"
    "memorysetup-profiler-bucket-allocator-bucket-count=8"
    "memorysetup-profiler-bucket-allocator-block-size=33554432"
    "memorysetup-profiler-bucket-allocator-block-count=8"
    "memorysetup-profiler-allocator-block-size=16777216"
    "memorysetup-profiler-editor-allocator-block-size=1048576"
    "memorysetup-temp-allocator-size-main=16777216"
    "memorysetup-job-temp-allocator-block-size=2097152"
    "memorysetup-job-temp-allocator-block-size-background=1048576"
    "memorysetup-job-temp-allocator-reduction-small-platforms=262144"
    "memorysetup-allocator-temp-initial-block-size-main=262144"
    "memorysetup-allocator-temp-initial-block-size-worker=262144"
    "memorysetup-temp-allocator-size-background-worker=32768"
    "memorysetup-temp-allocator-size-job-worker=262144"
    "memorysetup-temp-allocator-size-preload-manager=33554432"
    "memorysetup-temp-allocator-size-nav-mesh-worker=65536"
    "memorysetup-temp-allocator-size-audio-worker=65536"
    "memorysetup-temp-allocator-size-cloud-worker=32768"
    "memorysetup-temp-allocator-size-gi-baking-worker=262144"
    "memorysetup-temp-allocator-size-gfx=262144"
Player connection [19228] Host "[IP] 192.168.56.1 [Port] 0 [Flags] 2 [Guid] 1989323388 [EditorId] 1989323388 [Version] 1048832 [Id] WindowsEditor(7,DESKTOP-V8K467I) [Debug] 1 [PackageName] WindowsEditor [ProjectName] Editor" joined multi-casting on [225.0.0.222:54997]...

Player connection [19228] Host "[IP] 192.168.56.1 [Port] 0 [Flags] 2 [Guid] 1989323388 [EditorId] 1989323388 [Version] 1048832 [Id] WindowsEditor(7,DESKTOP-V8K467I) [Debug] 1 [PackageName] WindowsEditor [ProjectName] Editor" joined alternative multi-casting on [225.0.0.222:34997]...

Refreshing native plugins compatible for Editor in 594.69 ms, found 3 plugins.
Preloading 0 native plugins for Editor in 0.00 ms.
Initialize engine version: 2022.3.4f1 (35713cd46cd7)
[Subsystems] Discovering subsystems at path C:/Program Files/Unity/Hub/Editor/2022.3.4f1/Editor/Data/Resources/UnitySubsystems
[Subsystems] Discovering subsystems at path C:/Users/Usuario/Documents/GitHub/Floyds-Dreams/game/Floyd's Dreams/Assets
GfxDevice: creating device client; threaded=0; jobified=0
Direct3D:
    Version:  Direct3D 11.0 [level 11.1]
    Renderer: NVIDIA GeForce RTX 4060 (ID=0x2882)
    Vendor:   NVIDIA
    VRAM:     7957 MB
    Driver:   32.0.15.6094
Initialize mono
Mono path[0] = 'C:/Program Files/Unity/Hub/Editor/2022.3.4f1/Editor/Data/Managed'
Mono path[1] = 'C:/Program Files/Unity/Hub/Editor/2022.3.4f1/Editor/Data/MonoBleedingEdge/lib/mono/unityjit-win32'
Mono config path = 'C:/Program Files/Unity/Hub/Editor/2022.3.4f1/Editor/Data/MonoBleedingEdge/etc'
Using monoOptions --debugger-agent=transport=dt_socket,embedding=1,server=y,suspend=n,address=127.0.0.1:56428
Begin MonoManager ReloadAssembly
Registering precompiled unity dll's ...
Register platform support module: C:/Program Files/Unity/Hub/Editor/2022.3.4f1/Editor/Data/PlaybackEngines/WebGLSupport/UnityEditor.WebGL.Extensions.dll
Register platform support module: C:/Program Files/Unity/Hub/Editor/2022.3.4f1/Editor/Data/PlaybackEngines/AndroidPlayer/UnityEditor.Android.Extensions.dll
Register platform support module: C:/Program Files/Unity/Hub/Editor/2022.3.4f1/Editor/Data/PlaybackEngines/WindowsStandaloneSupport/UnityEditor.WindowsStandalone.Extensions.dll
Registered in 0.357563 seconds.
- Loaded All Assemblies, in  2.028 seconds
Native extension for WindowsStandalone target not found
Native extension for Android target not found
Android Extension - Scanning For ADB Devices 288 ms
Native extension for WebGL target not found
Mono: successfully reloaded assembly
- Finished resetting the current domain, in  0.659 seconds
Domain Reload Profiling: 2686ms
	BeginReloadAssembly (161ms)
		ExecutionOrderSort (0ms)
		DisableScriptedObjects (0ms)
		BackupInstance (0ms)
		ReleaseScriptingObjects (0ms)
		CreateAndSetChildDomain (0ms)
	RebuildCommonClasses (355ms)
	RebuildNativeTypeToScriptingClass (8ms)
	initialDomainReloadingComplete (404ms)
	LoadAllAssembliesAndSetupDomain (1099ms)
		LoadAssemblies (161ms)
		RebuildTransferFunctionScriptingTraits (0ms)
		AnalyzeDomain (1092ms)
			TypeCache.Refresh (1091ms)
				TypeCache.ScanAssembly (858ms)
			ScanForSourceGeneratedMonoScriptInfo (0ms)
			ResolveRequiredComponents (0ms)
	FinalizeReload (660ms)
		ReleaseScriptCaches (0ms)
		RebuildScriptCaches (0ms)
		SetupLoadedEditorAssemblies (613ms)
			LogAssemblyErrors (0ms)
			InitializePlatformSupportModulesInManaged (485ms)
			SetLoadedEditorAssemblies (3ms)
			RefreshPlugins (0ms)
			BeforeProcessingInitializeOnLoad (2ms)
			ProcessInitializeOnLoadAttributes (79ms)
			ProcessInitializeOnLoadMethodAttributes (44ms)
			AfterProcessingInitializeOnLoad (0ms)
			EditorAssembliesLoaded (0ms)
		ExecutionOrderSort2 (0ms)
		AwakeInstancesAfterBackupRestoration (0ms)
========================================================================
Worker process is ready to serve import requests
Begin MonoManager ReloadAssembly
Symbol file LoadedFromMemory doesn't match image C:\Users\Usuario\Documents\GitHub\Floyds-Dreams\game\Floyd's Dreams\Library\PackageCache\com.unity.visualscripting@1.8.0\Editor\VisualScripting.Core\Dependencies\YamlDotNet\Unity.VisualScripting.YamlDotNet.dll
Symbol file LoadedFromMemory doesn't match image C:\Users\Usuario\Documents\GitHub\Floyds-Dreams\game\Floyd's Dreams\Library\PackageCache\com.unity.visualscripting@1.8.0\Editor\VisualScripting.Core\Dependencies\DotNetZip\Unity.VisualScripting.IonicZip.dll
- Loaded All Assemblies, in  2.233 seconds
Refreshing native plugins compatible for Editor in 1.91 ms, found 3 plugins.
Native extension for WindowsStandalone target not found
Native extension for Android target not found
Native extension for WebGL target not found
Mono: successfully reloaded assembly
- Finished resetting the current domain, in  0.473 seconds
Domain Reload Profiling: 2706ms
	BeginReloadAssembly (94ms)
		ExecutionOrderSort (0ms)
		DisableScriptedObjects (4ms)
		BackupInstance (0ms)
		ReleaseScriptingObjects (0ms)
		CreateAndSetChildDomain (17ms)
	RebuildCommonClasses (24ms)
	RebuildNativeTypeToScriptingClass (7ms)
	initialDomainReloadingComplete (31ms)
	LoadAllAssembliesAndSetupDomain (2076ms)
		LoadAssemblies (1404ms)
		RebuildTransferFunctionScriptingTraits (0ms)
		AnalyzeDomain (714ms)
			TypeCache.Refresh (693ms)
				TypeCache.ScanAssembly (634ms)
			ScanForSourceGeneratedMonoScriptInfo (18ms)
			ResolveRequiredComponents (3ms)
	FinalizeReload (474ms)
		ReleaseScriptCaches (0ms)
		RebuildScriptCaches (0ms)
		SetupLoadedEditorAssemblies (340ms)
			LogAssemblyErrors (0ms)
			InitializePlatformSupportModulesInManaged (22ms)
			SetLoadedEditorAssemblies (2ms)
			RefreshPlugins (0ms)
			BeforeProcessingInitializeOnLoad (45ms)
			ProcessInitializeOnLoadAttributes (252ms)
			ProcessInitializeOnLoadMethodAttributes (16ms)
			AfterProcessingInitializeOnLoad (4ms)
			EditorAssembliesLoaded (0ms)
		ExecutionOrderSort2 (0ms)
		AwakeInstancesAfterBackupRestoration (5ms)
Launched and connected shader compiler UnityShaderCompiler.exe after 0.08 seconds
Refreshing native plugins compatible for Editor in 3.20 ms, found 3 plugins.
Preloading 0 native plugins for Editor in 0.00 ms.
Unloading 2982 Unused Serialized files (Serialized files now loaded: 0)
Unloading 32 unused Assets / (89.3 KB). Loaded Objects now: 3455.
Memory consumption went from 119.8 MB to 119.7 MB.
Total: 2.674100 ms (FindLiveObjects: 0.229300 ms CreateObjectMapping: 0.089600 ms MarkObjects: 2.263200 ms  DeleteObjects: 0.091500 ms)

AssetImportParameters requested are different than current active one (requested -> active):
  custom:container-demuxer-ogg: 62fdf1f143b41e24485cea50d1cbac27 -> 
  custom:video-codec-MediaFoundation-h265: 746d11721c4dcdbdad8f713fa42b33f4 -> 
  custom:video-decoder-ogg-theora: a1e56fd34408186e4bbccfd4996cb3dc -> 
  custom:framework-win-MediaFoundation: 216162199b28c13a410421893ffa2e32 -> 
  custom:CustomObjectIndexerAttribute: 756ad292c208cfabdd7b50bc23989ffe -> 
  custom:container-demuxer-webm: 4f35f7cbe854078d1ac9338744f61a02 -> 
  custom:container-muxer-webm: aa71ff27fc2769a1b78a27578f13a17b -> 
  custom:video-decoder-webm-vp8: 9c59270c3fd7afecdb556c50c9e8de78 -> 
  custom:AudioImporter_EditorPlatform: d09bf68614088b80899f8185d706f6e7 -> 
  custom:video-encoder-webm-vp8: eb34c28f22e8b96e1ab97ce403110664 -> 
  custom:audio-decoder-ogg-vorbis: bf7c407c2cedff20999df2af8eb42d56 -> 
  custom:audio-encoder-webm-vorbis: bf7c407c2cedff20999df2af8eb42d56 -> 
========================================================================
Received Import Request.
  Time since last request: 203695.597009 seconds.
  path: Assets/Sprites/room/balls_n.png
  artifactKey: Guid(6d3cc248cbacb634eb07e055cfb51568) Importer(815301076,1909f56bfc062723c751e8b465ee728b)
Start importing Assets/Sprites/room/balls_n.png using Guid(6d3cc248cbacb634eb07e055cfb51568) Importer(815301076,1909f56bfc062723c751e8b465ee728b)  -> (artifact id: 'f1c693242bc46a1c722c4f8dc18ed292') in 0.071155 seconds
Number of updated asset objects reloaded before import = 0
Number of asset objects unloaded after import = 3
========================================================================
Received Import Request.
  Time since last request: 0.000018 seconds.
  path: Assets/Sprites/room/silla2.png
  artifactKey: Guid(37ac6131423dd3f4890f9da9393bb488) Importer(815301076,1909f56bfc062723c751e8b465ee728b)
Start importing Assets/Sprites/room/silla2.png using Guid(37ac6131423dd3f4890f9da9393bb488) Importer(815301076,1909f56bfc062723c751e8b465ee728b)  -> (artifact id: '452ace4845a51128e17eeca5f9b38416') in 0.015145 seconds
Number of updated asset objects reloaded before import = 0
Number of asset objects unloaded after import = 3
========================================================================
Received Import Request.
  Time since last request: 0.000019 seconds.
  path: Assets/Sprites/room/shelf_n.png
  artifactKey: Guid(e0dba92edfffc1d44a1f02bc39b89a7c) Importer(815301076,1909f56bfc062723c751e8b465ee728b)
Start importing Assets/Sprites/room/shelf_n.png using Guid(e0dba92edfffc1d44a1f02bc39b89a7c) Importer(815301076,1909f56bfc062723c751e8b465ee728b)  -> (artifact id: 'a05132db3a3a4a269f582688a597d300') in 0.013207 seconds
Number of updated asset objects reloaded before import = 0
Number of asset objects unloaded after import = 3
========================================================================
Received Import Request.
  Time since last request: 0.000016 seconds.
  path: Assets/Sprites/room/table_n.png
  artifactKey: Guid(0ef62b7cd7b59c84982948b00cd74de8) Importer(815301076,1909f56bfc062723c751e8b465ee728b)
Start importing Assets/Sprites/room/table_n.png using Guid(0ef62b7cd7b59c84982948b00cd74de8) Importer(815301076,1909f56bfc062723c751e8b465ee728b)  -> (artifact id: 'a6b02d69c42df4b3c0be16fb2425b7ea') in 0.010441 seconds
Number of updated asset objects reloaded before import = 0
Number of asset objects unloaded after import = 3
========================================================================
Received Import Request.
  Time since last request: 0.000015 seconds.
  path: Assets/Sprites/room/silla1_n.png
  artifactKey: Guid(f7fd74e70deb13d43a006eb4b44d191d) Importer(815301076,1909f56bfc062723c751e8b465ee728b)
Start importing Assets/Sprites/room/silla1_n.png using Guid(f7fd74e70deb13d43a006eb4b44d191d) Importer(815301076,1909f56bfc062723c751e8b465ee728b)  -> (artifact id: '7f82f397849cf06ec3c3a93d8aad1ca1') in 0.011262 seconds
Number of updated asset objects reloaded before import = 0
Number of asset objects unloaded after import = 3
========================================================================
Received Import Request.
  Time since last request: 0.000016 seconds.
  path: Assets/Sprites/room/window_n.png
  artifactKey: Guid(b781b8ad2179a8d4abfff090e1066164) Importer(815301076,1909f56bfc062723c751e8b465ee728b)
Start importing Assets/Sprites/room/window_n.png using Guid(b781b8ad2179a8d4abfff090e1066164) Importer(815301076,1909f56bfc062723c751e8b465ee728b)  -> (artifact id: 'd64a4326a6e82dd3039f5eb4c9e48068') in 0.012699 seconds
Number of updated asset objects reloaded before import = 0
Number of asset objects unloaded after import = 3
========================================================================
Received Import Request.
  Time since last request: 0.000016 seconds.
  path: Assets/Sprites/room/shelf.png
  artifactKey: Guid(5afa65d9ea48cff4d9f14d4a4f3f0e87) Importer(815301076,1909f56bfc062723c751e8b465ee728b)
Start importing Assets/Sprites/room/shelf.png using Guid(5afa65d9ea48cff4d9f14d4a4f3f0e87) Importer(815301076,1909f56bfc062723c751e8b465ee728b)  -> (artifact id: 'ef3fbbed9dee9c697cfc173e977f3e43') in 0.012539 seconds
Number of updated asset objects reloaded before import = 0
Number of asset objects unloaded after import = 3
========================================================================
Received Import Request.
  Time since last request: 0.000019 seconds.
  path: Assets/Sprites/room/window.png
  artifactKey: Guid(0c0674b924eed554f808a0e95e000f47) Importer(815301076,1909f56bfc062723c751e8b465ee728b)
Start importing Assets/Sprites/room/window.png using Guid(0c0674b924eed554f808a0e95e000f47) Importer(815301076,1909f56bfc062723c751e8b465ee728b)  -> (artifact id: 'cbe7dc4d7d2dcd3de68510d250e32a66') in 0.011370 seconds
Number of updated asset objects reloaded before import = 0
Number of asset objects unloaded after import = 3
========================================================================
Received Import Request.
  Time since last request: 0.000024 seconds.
  path: Assets/Sprites/room/closet.png
  artifactKey: Guid(4d6dd9a6b0c3c7e46a15502edca3152a) Importer(815301076,1909f56bfc062723c751e8b465ee728b)
Start importing Assets/Sprites/room/closet.png using Guid(4d6dd9a6b0c3c7e46a15502edca3152a) Importer(815301076,1909f56bfc062723c751e8b465ee728b)  -> (artifact id: '68d29b09fa52a5435ff8f293a6bfb926') in 0.012053 seconds
Number of updated asset objects reloaded before import = 0
Number of asset objects unloaded after import = 3
========================================================================
Received Import Request.
  Time since last request: 0.000014 seconds.
  path: Assets/Sprites/room/closet_n.png
  artifactKey: Guid(41a761b091f5e65419ad831ab05119f1) Importer(815301076,1909f56bfc062723c751e8b465ee728b)
Start importing Assets/Sprites/room/closet_n.png using Guid(41a761b091f5e65419ad831ab05119f1) Importer(815301076,1909f56bfc062723c751e8b465ee728b)  -> (artifact id: '93346985e31259ec7e65df7c31465f6d') in 0.012915 seconds
Number of updated asset objects reloaded before import = 0
Number of asset objects unloaded after import = 3
========================================================================
Received Import Request.
  Time since last request: 42.231881 seconds.
  path: Assets/Sprites/room/closet_n.png
  artifactKey: Guid(41a761b091f5e65419ad831ab05119f1) Importer(815301076,1909f56bfc062723c751e8b465ee728b)
Start importing Assets/Sprites/room/closet_n.png using Guid(41a761b091f5e65419ad831ab05119f1) Importer(815301076,1909f56bfc062723c751e8b465ee728b)  -> (artifact id: '4e31ae1aea79e46ea869084a5c0b7798') in 0.014064 seconds
Number of updated asset objects reloaded before import = 0
Number of asset objects unloaded after import = 2
========================================================================
Received Import Request.
  Time since last request: 0.000017 seconds.
  path: Assets/Sprites/room/shelf_n.png
  artifactKey: Guid(e0dba92edfffc1d44a1f02bc39b89a7c) Importer(815301076,1909f56bfc062723c751e8b465ee728b)
Start importing Assets/Sprites/room/shelf_n.png using Guid(e0dba92edfffc1d44a1f02bc39b89a7c) Importer(815301076,1909f56bfc062723c751e8b465ee728b)  -> (artifact id: 'd58200cf230a509f4022c8900bc50d68') in 0.009267 seconds
Number of updated asset objects reloaded before import = 0
Number of asset objects unloaded after import = 2
========================================================================
Received Import Request.
  Time since last request: 0.000022 seconds.
  path: Assets/Sprites/room/table_n.png
  artifactKey: Guid(0ef62b7cd7b59c84982948b00cd74de8) Importer(815301076,1909f56bfc062723c751e8b465ee728b)
Start importing Assets/Sprites/room/table_n.png using Guid(0ef62b7cd7b59c84982948b00cd74de8) Importer(815301076,1909f56bfc062723c751e8b465ee728b)  -> (artifact id: '9197b8d621aa84fa51dd9672d804dcc7') in 0.012752 seconds
Number of updated asset objects reloaded before import = 0
Number of asset objects unloaded after import = 2
========================================================================
Received Import Request.
  Time since last request: 0.000017 seconds.
  path: Assets/Sprites/room/window_n.png
  artifactKey: Guid(b781b8ad2179a8d4abfff090e1066164) Importer(815301076,1909f56bfc062723c751e8b465ee728b)
Start importing Assets/Sprites/room/window_n.png using Guid(b781b8ad2179a8d4abfff090e1066164) Importer(815301076,1909f56bfc062723c751e8b465ee728b)  -> (artifact id: 'd86b1b090394f67ed2bf37bbc6d36f34') in 0.009518 seconds
Number of updated asset objects reloaded before import = 0
Number of asset objects unloaded after import = 2
Editor requested this worker to shutdown with reason: Scaling down because of idle timeout
TcpMessagingSession - receive error: operation aborted. errorcode: 995, details: The I/O operation has been aborted because of either a thread exit or an application request.
AssetImportWorker is now disconnected from the server
Process exiting
Exiting without the bug reporter. Application will terminate with return code 0