Using pre-set license
Built from '2022.3/staging' branch; Version is '2022.3.4f1 (35713cd46cd7) revision 3502396'; Using compiler version '192829333'; Build Type 'Release'
OS: 'Windows 11  (10.0.26100) 64bit Core' Language: 'en' Physical Memory: 32681 MB
BatchMode: 1, IsHumanControllingUs: 0, StartBugReporterOnCrash: 0, Is64bit: 1, IsPro: 1

COMMAND LINE ARGUMENTS:
C:\Program Files\Unity\Hub\Editor\2022.3.4f1\Editor\Unity.exe
-adb2
-batchMode
-noUpm
-name
AssetImportWorker5
-projectPath
C:/Users/Usuario/Documents/GitHub/Floyds-Dreams/game/Floyd's Dreams
-logFile
Logs/AssetImportWorker5.log
-srvPort
53871
Successfully changed project path to: C:/Users/Usuario/Documents/GitHub/Floyds-Dreams/game/Floyd's Dreams
C:/Users/Usuario/Documents/GitHub/Floyds-Dreams/game/Floyd's Dreams
[UnityMemory] Configuration Parameters - Can be set up in boot.config
    "memorysetup-bucket-allocator-granularity=16"
    "memorysetup-bucket-allocator-bucket-count=8"
    "memorysetup-bucket-allocator-block-size=33554432"
    "memorysetup-bucket-allocator-block-count=8"
    "memorysetup-main-allocator-block-size=16777216"
    "memorysetup-thread-allocator-block-size=16777216"
    "memorysetup-gfx-main-allocator-block-size=16777216"
    "memorysetup-gfx-thread-allocator-block-size=16777216"
    "memorysetup-cache-allocator-block-size=4194304"
    "memorysetup-typetree-allocator-block-size=2097152"
    "memorysetup-profiler-bucket-allocator-granularity=16"
    "memorysetup-profiler-bucket-allocator-bucket-count=8"
    "memorysetup-profiler-bucket-allocator-block-size=33554432"
    "memorysetup-profiler-bucket-allocator-block-count=8"
    "memorysetup-profiler-allocator-block-size=16777216"
    "memorysetup-profiler-editor-allocator-block-size=1048576"
    "memorysetup-temp-allocator-size-main=16777216"
    "memorysetup-job-temp-allocator-block-size=2097152"
    "memorysetup-job-temp-allocator-block-size-background=1048576"
    "memorysetup-job-temp-allocator-reduction-small-platforms=262144"
    "memorysetup-allocator-temp-initial-block-size-main=262144"
    "memorysetup-allocator-temp-initial-block-size-worker=262144"
    "memorysetup-temp-allocator-size-background-worker=32768"
    "memorysetup-temp-allocator-size-job-worker=262144"
    "memorysetup-temp-allocator-size-preload-manager=33554432"
    "memorysetup-temp-allocator-size-nav-mesh-worker=65536"
    "memorysetup-temp-allocator-size-audio-worker=65536"
    "memorysetup-temp-allocator-size-cloud-worker=32768"
    "memorysetup-temp-allocator-size-gi-baking-worker=262144"
    "memorysetup-temp-allocator-size-gfx=262144"
Player connection [12356] Host "[IP] 192.168.0.22 [Port] 0 [Flags] 2 [Guid] 3781842392 [EditorId] 3781842392 [Version] 1048832 [Id] WindowsEditor(7,DESKTOP-V8K467I) [Debug] 1 [PackageName] WindowsEditor [ProjectName] Editor" joined multi-casting on [225.0.0.222:54997]...

Player connection [12356] Host "[IP] 192.168.0.22 [Port] 0 [Flags] 2 [Guid] 3781842392 [EditorId] 3781842392 [Version] 1048832 [Id] WindowsEditor(7,DESKTOP-V8K467I) [Debug] 1 [PackageName] WindowsEditor [ProjectName] Editor" joined alternative multi-casting on [225.0.0.222:34997]...

Refreshing native plugins compatible for Editor in 5.66 ms, found 3 plugins.
Preloading 0 native plugins for Editor in 0.00 ms.
Initialize engine version: 2022.3.4f1 (35713cd46cd7)
[Subsystems] Discovering subsystems at path C:/Program Files/Unity/Hub/Editor/2022.3.4f1/Editor/Data/Resources/UnitySubsystems
[Subsystems] Discovering subsystems at path C:/Users/Usuario/Documents/GitHub/Floyds-Dreams/game/Floyd's Dreams/Assets
GfxDevice: creating device client; threaded=0; jobified=0
Direct3D:
    Version:  Direct3D 11.0 [level 11.1]
    Renderer: NVIDIA GeForce RTX 4060 (ID=0x2882)
    Vendor:   NVIDIA
    VRAM:     7957 MB
    Driver:   32.0.15.6094
Initialize mono
Mono path[0] = 'C:/Program Files/Unity/Hub/Editor/2022.3.4f1/Editor/Data/Managed'
Mono path[1] = 'C:/Program Files/Unity/Hub/Editor/2022.3.4f1/Editor/Data/MonoBleedingEdge/lib/mono/unityjit-win32'
Mono config path = 'C:/Program Files/Unity/Hub/Editor/2022.3.4f1/Editor/Data/MonoBleedingEdge/etc'
Using monoOptions --debugger-agent=transport=dt_socket,embedding=1,server=y,suspend=n,address=127.0.0.1:56540
Begin MonoManager ReloadAssembly
Registering precompiled unity dll's ...
Register platform support module: C:/Program Files/Unity/Hub/Editor/2022.3.4f1/Editor/Data/PlaybackEngines/WebGLSupport/UnityEditor.WebGL.Extensions.dll
Register platform support module: C:/Program Files/Unity/Hub/Editor/2022.3.4f1/Editor/Data/PlaybackEngines/AndroidPlayer/UnityEditor.Android.Extensions.dll
Register platform support module: C:/Program Files/Unity/Hub/Editor/2022.3.4f1/Editor/Data/PlaybackEngines/WindowsStandaloneSupport/UnityEditor.WindowsStandalone.Extensions.dll
Registered in 0.006457 seconds.
- Loaded All Assemblies, in  0.236 seconds
Native extension for WindowsStandalone target not found
Native extension for Android target not found
Android Extension - Scanning For ADB Devices 188 ms
Native extension for WebGL target not found
Mono: successfully reloaded assembly
- Finished resetting the current domain, in  0.417 seconds
Domain Reload Profiling: 652ms
	BeginReloadAssembly (60ms)
		ExecutionOrderSort (0ms)
		DisableScriptedObjects (0ms)
		BackupInstance (0ms)
		ReleaseScriptingObjects (0ms)
		CreateAndSetChildDomain (1ms)
	RebuildCommonClasses (23ms)
	RebuildNativeTypeToScriptingClass (7ms)
	initialDomainReloadingComplete (42ms)
	LoadAllAssembliesAndSetupDomain (103ms)
		LoadAssemblies (58ms)
		RebuildTransferFunctionScriptingTraits (0ms)
		AnalyzeDomain (100ms)
			TypeCache.Refresh (99ms)
				TypeCache.ScanAssembly (91ms)
			ScanForSourceGeneratedMonoScriptInfo (0ms)
			ResolveRequiredComponents (0ms)
	FinalizeReload (417ms)
		ReleaseScriptCaches (0ms)
		RebuildScriptCaches (0ms)
		SetupLoadedEditorAssemblies (377ms)
			LogAssemblyErrors (0ms)
			InitializePlatformSupportModulesInManaged (273ms)
			SetLoadedEditorAssemblies (2ms)
			RefreshPlugins (0ms)
			BeforeProcessingInitializeOnLoad (1ms)
			ProcessInitializeOnLoadAttributes (69ms)
			ProcessInitializeOnLoadMethodAttributes (31ms)
			AfterProcessingInitializeOnLoad (0ms)
			EditorAssembliesLoaded (0ms)
		ExecutionOrderSort2 (0ms)
		AwakeInstancesAfterBackupRestoration (0ms)
========================================================================
Worker process is ready to serve import requests
Begin MonoManager ReloadAssembly
Symbol file LoadedFromMemory doesn't match image C:\Users\Usuario\Documents\GitHub\Floyds-Dreams\game\Floyd's Dreams\Library\PackageCache\com.unity.visualscripting@1.8.0\Editor\VisualScripting.Core\Dependencies\YamlDotNet\Unity.VisualScripting.YamlDotNet.dll
Symbol file LoadedFromMemory doesn't match image C:\Users\Usuario\Documents\GitHub\Floyds-Dreams\game\Floyd's Dreams\Library\PackageCache\com.unity.visualscripting@1.8.0\Editor\VisualScripting.Core\Dependencies\DotNetZip\Unity.VisualScripting.IonicZip.dll
- Loaded All Assemblies, in  0.460 seconds
Refreshing native plugins compatible for Editor in 2.49 ms, found 3 plugins.
Native extension for WindowsStandalone target not found
Native extension for Android target not found
Native extension for WebGL target not found
Mono: successfully reloaded assembly
- Finished resetting the current domain, in  0.424 seconds
Domain Reload Profiling: 882ms
	BeginReloadAssembly (90ms)
		ExecutionOrderSort (0ms)
		DisableScriptedObjects (4ms)
		BackupInstance (0ms)
		ReleaseScriptingObjects (0ms)
		CreateAndSetChildDomain (17ms)
	RebuildCommonClasses (28ms)
	RebuildNativeTypeToScriptingClass (7ms)
	initialDomainReloadingComplete (32ms)
	LoadAllAssembliesAndSetupDomain (301ms)
		LoadAssemblies (171ms)
		RebuildTransferFunctionScriptingTraits (0ms)
		AnalyzeDomain (172ms)
			TypeCache.Refresh (161ms)
				TypeCache.ScanAssembly (151ms)
			ScanForSourceGeneratedMonoScriptInfo (9ms)
			ResolveRequiredComponents (3ms)
	FinalizeReload (425ms)
		ReleaseScriptCaches (0ms)
		RebuildScriptCaches (0ms)
		SetupLoadedEditorAssemblies (315ms)
			LogAssemblyErrors (0ms)
			InitializePlatformSupportModulesInManaged (17ms)
			SetLoadedEditorAssemblies (2ms)
			RefreshPlugins (0ms)
			BeforeProcessingInitializeOnLoad (45ms)
			ProcessInitializeOnLoadAttributes (232ms)
			ProcessInitializeOnLoadMethodAttributes (13ms)
			AfterProcessingInitializeOnLoad (5ms)
			EditorAssembliesLoaded (0ms)
		ExecutionOrderSort2 (0ms)
		AwakeInstancesAfterBackupRestoration (4ms)
Launched and connected shader compiler UnityShaderCompiler.exe after 0.03 seconds
Refreshing native plugins compatible for Editor in 2.30 ms, found 3 plugins.
Preloading 0 native plugins for Editor in 0.00 ms.
Unloading 3156 Unused Serialized files (Serialized files now loaded: 0)
Unloading 45 unused Assets / (160.4 KB). Loaded Objects now: 3628.
Memory consumption went from 124.2 MB to 124.0 MB.
Total: 2.770800 ms (FindLiveObjects: 0.187100 ms CreateObjectMapping: 0.082400 ms MarkObjects: 2.373400 ms  DeleteObjects: 0.127000 ms)

AssetImportParameters requested are different than current active one (requested -> active):
  custom:container-demuxer-ogg: 62fdf1f143b41e24485cea50d1cbac27 -> 
  custom:video-codec-MediaFoundation-h265: 746d11721c4dcdbdad8f713fa42b33f4 -> 
  custom:video-decoder-ogg-theora: a1e56fd34408186e4bbccfd4996cb3dc -> 
  custom:framework-win-MediaFoundation: 216162199b28c13a410421893ffa2e32 -> 
  custom:CustomObjectIndexerAttribute: 756ad292c208cfabdd7b50bc23989ffe -> 
  custom:container-demuxer-webm: 4f35f7cbe854078d1ac9338744f61a02 -> 
  custom:container-muxer-webm: aa71ff27fc2769a1b78a27578f13a17b -> 
  custom:video-decoder-webm-vp8: 9c59270c3fd7afecdb556c50c9e8de78 -> 
  custom:AudioImporter_EditorPlatform: d09bf68614088b80899f8185d706f6e7 -> 
  custom:video-encoder-webm-vp8: eb34c28f22e8b96e1ab97ce403110664 -> 
  custom:audio-decoder-ogg-vorbis: bf7c407c2cedff20999df2af8eb42d56 -> 
  custom:audio-encoder-webm-vorbis: bf7c407c2cedff20999df2af8eb42d56 -> 
========================================================================
Received Import Request.
  Time since last request: 91991.640862 seconds.
  path: Assets/Sprites/Hall/doorClosed_n.png
  artifactKey: Guid(d6f3f9c92d5d15d4faf41375200a72e7) Importer(815301076,1909f56bfc062723c751e8b465ee728b)
Start importing Assets/Sprites/Hall/doorClosed_n.png using Guid(d6f3f9c92d5d15d4faf41375200a72e7) Importer(815301076,1909f56bfc062723c751e8b465ee728b)  -> (artifact id: '08301aaf6e62d87e9399032170f79b6e') in 0.045633 seconds
Number of updated asset objects reloaded before import = 0
Number of asset objects unloaded after import = 2
========================================================================
Received Import Request.
  Time since last request: 0.000013 seconds.
  path: Assets/Sprites/Hall/lamp_n.png
  artifactKey: Guid(9b798268226321640b680c927efc7a11) Importer(815301076,1909f56bfc062723c751e8b465ee728b)
Start importing Assets/Sprites/Hall/lamp_n.png using Guid(9b798268226321640b680c927efc7a11) Importer(815301076,1909f56bfc062723c751e8b465ee728b)  -> (artifact id: '19f7bbaa6b7a50620a48bdbd6e14ae53') in 0.013106 seconds
Number of updated asset objects reloaded before import = 0
Number of asset objects unloaded after import = 2
========================================================================
Received Import Request.
  Time since last request: 0.000014 seconds.
  path: Assets/Sprites/Hall/doorOpen_n.png
  artifactKey: Guid(f5b3d2417308219449ab5ecef0a4614e) Importer(815301076,1909f56bfc062723c751e8b465ee728b)
Start importing Assets/Sprites/Hall/doorOpen_n.png using Guid(f5b3d2417308219449ab5ecef0a4614e) Importer(815301076,1909f56bfc062723c751e8b465ee728b)  -> (artifact id: '41af1203676a2d4da5a18d56fb3da317') in 0.011669 seconds
Number of updated asset objects reloaded before import = 0
Number of asset objects unloaded after import = 2
========================================================================
Received Import Request.
  Time since last request: 19.698127 seconds.
  path: Assets/Sprites/Living Room/mirror.png
  artifactKey: Guid(fffd8b920906bfe4bb84f56d5bd53b1e) Importer(815301076,1909f56bfc062723c751e8b465ee728b)
Start importing Assets/Sprites/Living Room/mirror.png using Guid(fffd8b920906bfe4bb84f56d5bd53b1e) Importer(815301076,1909f56bfc062723c751e8b465ee728b)  -> (artifact id: 'ed5d704568d5ececcfdf288bfa04d0be') in 0.037389 seconds
Number of updated asset objects reloaded before import = 0
Number of asset objects unloaded after import = 3
========================================================================
Received Import Request.
  Time since last request: 0.000015 seconds.
  path: Assets/Sprites/Living Room/tvtable.png
  artifactKey: Guid(13a6e53b936e0d042a47fba7b4d59056) Importer(815301076,1909f56bfc062723c751e8b465ee728b)
Start importing Assets/Sprites/Living Room/tvtable.png using Guid(13a6e53b936e0d042a47fba7b4d59056) Importer(815301076,1909f56bfc062723c751e8b465ee728b)  -> (artifact id: '37dd19cdfd5ad0a7e5e33e3525f99cd0') in 0.016756 seconds
Number of updated asset objects reloaded before import = 0
Number of asset objects unloaded after import = 3
========================================================================
Received Import Request.
  Time since last request: 0.000017 seconds.
  path: Assets/Sprites/Living Room/table.png
  artifactKey: Guid(83df3dacb0e2be545a6fa1566f2c6511) Importer(815301076,1909f56bfc062723c751e8b465ee728b)
Start importing Assets/Sprites/Living Room/table.png using Guid(83df3dacb0e2be545a6fa1566f2c6511) Importer(815301076,1909f56bfc062723c751e8b465ee728b)  -> (artifact id: 'b256263c5b56bc1390c8eefe97408192') in 0.015582 seconds
Number of updated asset objects reloaded before import = 0
Number of asset objects unloaded after import = 3
========================================================================
Received Import Request.
  Time since last request: 20.186244 seconds.
  path: Assets/Sprites/Living Room/mirror_n.png
  artifactKey: Guid(f63fc2a986038034cbac114a5e8f1c77) Importer(815301076,1909f56bfc062723c751e8b465ee728b)
Start importing Assets/Sprites/Living Room/mirror_n.png using Guid(f63fc2a986038034cbac114a5e8f1c77) Importer(815301076,1909f56bfc062723c751e8b465ee728b)  -> (artifact id: 'd75e7a7cb9ec81676258c867c985d9ae') in 0.023261 seconds
Number of updated asset objects reloaded before import = 0
Number of asset objects unloaded after import = 3
========================================================================
Received Import Request.
  Time since last request: 0.000017 seconds.
  path: Assets/Sprites/Living Room/table_n.png
  artifactKey: Guid(01d393eec56485b4d9c669a303307d29) Importer(815301076,1909f56bfc062723c751e8b465ee728b)
Start importing Assets/Sprites/Living Room/table_n.png using Guid(01d393eec56485b4d9c669a303307d29) Importer(815301076,1909f56bfc062723c751e8b465ee728b)  -> (artifact id: '6c1ebcc95b96aef850475dcd117a0032') in 0.035773 seconds
Number of updated asset objects reloaded before import = 0
Number of asset objects unloaded after import = 3
========================================================================
Received Import Request.
  Time since last request: 0.000036 seconds.
  path: Assets/Sprites/Living Room/paintings_n.png
  artifactKey: Guid(7e6a34a68b2bd5043a8e696c2bb5e03d) Importer(815301076,1909f56bfc062723c751e8b465ee728b)
Start importing Assets/Sprites/Living Room/paintings_n.png using Guid(7e6a34a68b2bd5043a8e696c2bb5e03d) Importer(815301076,1909f56bfc062723c751e8b465ee728b)  -> (artifact id: 'dc6a965acb8df4642df36cd6f25b0b70') in 0.035597 seconds
Number of updated asset objects reloaded before import = 0
Number of asset objects unloaded after import = 3
========================================================================
Received Import Request.
  Time since last request: 27.769324 seconds.
  path: Assets/Sprites/Living Room/mirror_n.png
  artifactKey: Guid(f63fc2a986038034cbac114a5e8f1c77) Importer(815301076,1909f56bfc062723c751e8b465ee728b)
Start importing Assets/Sprites/Living Room/mirror_n.png using Guid(f63fc2a986038034cbac114a5e8f1c77) Importer(815301076,1909f56bfc062723c751e8b465ee728b)  -> (artifact id: '7d887e1ef1586fa2ee3b7e788a1e62a5') in 0.011216 seconds
Number of updated asset objects reloaded before import = 0
Number of asset objects unloaded after import = 2
========================================================================
Received Import Request.
  Time since last request: 0.000020 seconds.
  path: Assets/Sprites/Living Room/tablesmall_n.png
  artifactKey: Guid(cb2fb7c45f0b22f40b103538353f01f4) Importer(815301076,1909f56bfc062723c751e8b465ee728b)
Start importing Assets/Sprites/Living Room/tablesmall_n.png using Guid(cb2fb7c45f0b22f40b103538353f01f4) Importer(815301076,1909f56bfc062723c751e8b465ee728b)  -> (artifact id: '0f9f10ca08dc4f95e0a38ba7abb9d381') in 0.010339 seconds
Number of updated asset objects reloaded before import = 0
Number of asset objects unloaded after import = 2
========================================================================
Received Import Request.
  Time since last request: 0.000020 seconds.
  path: Assets/Sprites/Living Room/shelf2_n.png
  artifactKey: Guid(906ac44aa1cb3d84f913035c0626d700) Importer(815301076,1909f56bfc062723c751e8b465ee728b)
Start importing Assets/Sprites/Living Room/shelf2_n.png using Guid(906ac44aa1cb3d84f913035c0626d700) Importer(815301076,1909f56bfc062723c751e8b465ee728b)  -> (artifact id: '79f06f70758e61a4249763d6cfc5afcb') in 0.021776 seconds
Number of updated asset objects reloaded before import = 0
Number of asset objects unloaded after import = 2
========================================================================
Received Import Request.
  Time since last request: 5.175970 seconds.
  path: Assets/Sprites/Living Room/mirror_n.png
  artifactKey: Guid(f63fc2a986038034cbac114a5e8f1c77) Importer(815301076,1909f56bfc062723c751e8b465ee728b)
Start importing Assets/Sprites/Living Room/mirror_n.png using Guid(f63fc2a986038034cbac114a5e8f1c77) Importer(815301076,1909f56bfc062723c751e8b465ee728b)  -> (artifact id: 'bccac3b23c44cb0c33522bdfd462ddfe') in 0.009498 seconds
Number of updated asset objects reloaded before import = 0
Number of asset objects unloaded after import = 2
========================================================================
Received Import Request.
  Time since last request: 0.000017 seconds.
  path: Assets/Sprites/Living Room/table_n.png
  artifactKey: Guid(01d393eec56485b4d9c669a303307d29) Importer(815301076,1909f56bfc062723c751e8b465ee728b)
Start importing Assets/Sprites/Living Room/table_n.png using Guid(01d393eec56485b4d9c669a303307d29) Importer(815301076,1909f56bfc062723c751e8b465ee728b)  -> (artifact id: '10d03aad058c68fd5672952e3b8ff1bb') in 0.005916 seconds
Number of updated asset objects reloaded before import = 0
Number of asset objects unloaded after import = 2
========================================================================
Received Import Request.
  Time since last request: 0.000013 seconds.
  path: Assets/Sprites/Living Room/tv_n.png
  artifactKey: Guid(a49fcef77d7c52b448a8c2f0e9152f1a) Importer(815301076,1909f56bfc062723c751e8b465ee728b)
Start importing Assets/Sprites/Living Room/tv_n.png using Guid(a49fcef77d7c52b448a8c2f0e9152f1a) Importer(815301076,1909f56bfc062723c751e8b465ee728b)  -> (artifact id: 'eb5ef803a45cef621e82f006ad3d8caa') in 0.004910 seconds
Number of updated asset objects reloaded before import = 0
Number of asset objects unloaded after import = 2
========================================================================
Received Import Request.
  Time since last request: 15.239291 seconds.
  path: Assets/Sprites/Hall/Materials/hall.mat
  artifactKey: Guid(ca0a84137214da94288612499a35181f) Importer(815301076,1909f56bfc062723c751e8b465ee728b)
Start importing Assets/Sprites/Hall/Materials/hall.mat using Guid(ca0a84137214da94288612499a35181f) Importer(815301076,1909f56bfc062723c751e8b465ee728b)  -> (artifact id: 'e287efbba9d38aa7d7e3bc3429a4a3b2') in 0.058663 seconds
Number of updated asset objects reloaded before import = 0
Number of asset objects unloaded after import = 3
========================================================================
Received Import Request.
  Time since last request: 0.000013 seconds.
  path: Assets/Sprites/Hall/Materials/TallLamp.mat
  artifactKey: Guid(dc40df7a2b6c06e44844f91135470911) Importer(815301076,1909f56bfc062723c751e8b465ee728b)
Start importing Assets/Sprites/Hall/Materials/TallLamp.mat using Guid(dc40df7a2b6c06e44844f91135470911) Importer(815301076,1909f56bfc062723c751e8b465ee728b)  -> (artifact id: '3fafb701cde9748bb6701fab90f0c494') in 0.014067 seconds
Number of updated asset objects reloaded before import = 0
Number of asset objects unloaded after import = 3
========================================================================
Received Import Request.
  Time since last request: 839.287833 seconds.
  path: Assets/Sprites/Living Room/Materials/paintings 1.mat
  artifactKey: Guid(7b4bf1b09c7527c4b908e3470ceeeff6) Importer(815301076,1909f56bfc062723c751e8b465ee728b)
Start importing Assets/Sprites/Living Room/Materials/paintings 1.mat using Guid(7b4bf1b09c7527c4b908e3470ceeeff6) Importer(815301076,1909f56bfc062723c751e8b465ee728b)  -> (artifact id: 'b960b87f7197bff1bf5216745dca628a') in 0.015909 seconds
Number of updated asset objects reloaded before import = 0
Number of asset objects unloaded after import = 3
========================================================================
Received Import Request.
  Time since last request: 0.000016 seconds.
  path: Assets/Sprites/Living Room/Materials/room.mat
  artifactKey: Guid(a5ba0a80ed4ead64e9b0f088781d0b47) Importer(815301076,1909f56bfc062723c751e8b465ee728b)
Start importing Assets/Sprites/Living Room/Materials/room.mat using Guid(a5ba0a80ed4ead64e9b0f088781d0b47) Importer(815301076,1909f56bfc062723c751e8b465ee728b)  -> (artifact id: '60fc940d32fc07afedafc3ab36d4beb0') in 0.022619 seconds
Number of updated asset objects reloaded before import = 0
Number of asset objects unloaded after import = 3
========================================================================
Received Import Request.
  Time since last request: 25.482347 seconds.
  path: Assets/Sprites/Living Room/Materials/shelf 1.mat
  artifactKey: Guid(54452cee3c5d6a64fba644f96643bb01) Importer(815301076,1909f56bfc062723c751e8b465ee728b)
Start importing Assets/Sprites/Living Room/Materials/shelf 1.mat using Guid(54452cee3c5d6a64fba644f96643bb01) Importer(815301076,1909f56bfc062723c751e8b465ee728b)  -> (artifact id: '758fd2062e6938ebc2d42cd20522d5e7') in 0.038781 seconds
Number of updated asset objects reloaded before import = 0
Number of asset objects unloaded after import = 3
========================================================================
Received Import Request.
  Time since last request: 40.658028 seconds.
  path: Assets/Sprites/Living Room/Materials/tvtable 1.mat
  artifactKey: Guid(1ed5ef90f97627747aa9de73d6b38fb1) Importer(815301076,1909f56bfc062723c751e8b465ee728b)
Start importing Assets/Sprites/Living Room/Materials/tvtable 1.mat using Guid(1ed5ef90f97627747aa9de73d6b38fb1) Importer(815301076,1909f56bfc062723c751e8b465ee728b)  -> (artifact id: 'd1d790c868d28f502247ec98408ad562') in 0.015500 seconds
Number of updated asset objects reloaded before import = 0
Number of asset objects unloaded after import = 3
========================================================================
Received Import Request.
  Time since last request: 67.360833 seconds.
  path: Assets/Sprites/Living Room/Materials/shelf2.mat
  artifactKey: Guid(1ed5ef90f97627747aa9de73d6b38fb1) Importer(815301076,1909f56bfc062723c751e8b465ee728b)
Start importing Assets/Sprites/Living Room/Materials/shelf2.mat using Guid(1ed5ef90f97627747aa9de73d6b38fb1) Importer(815301076,1909f56bfc062723c751e8b465ee728b)  -> (artifact id: '23ad200a1d72255e469492f1b7d6c9fb') in 0.015886 seconds
Number of updated asset objects reloaded before import = 0
Number of asset objects unloaded after import = 3
========================================================================
Received Import Request.
  Time since last request: 0.000017 seconds.
  path: Assets/Sprites/Living Room/Materials/tvtable.mat
  artifactKey: Guid(54452cee3c5d6a64fba644f96643bb01) Importer(815301076,1909f56bfc062723c751e8b465ee728b)
Start importing Assets/Sprites/Living Room/Materials/tvtable.mat using Guid(54452cee3c5d6a64fba644f96643bb01) Importer(815301076,1909f56bfc062723c751e8b465ee728b)  -> (artifact id: '4a2011deebb1c7bd2aae764daea71b51') in 0.022759 seconds
Number of updated asset objects reloaded before import = 0
Number of asset objects unloaded after import = 3
========================================================================
Received Import Request.
  Time since last request: 27.474938 seconds.
  path: Assets/Sprites/Living Room/Materials/tvtable 1.mat
  artifactKey: Guid(ab7ff316077303f47a93cbbc1684a5f2) Importer(815301076,1909f56bfc062723c751e8b465ee728b)
Start importing Assets/Sprites/Living Room/Materials/tvtable 1.mat using Guid(ab7ff316077303f47a93cbbc1684a5f2) Importer(815301076,1909f56bfc062723c751e8b465ee728b)  -> (artifact id: '532846fa770f9fbf7b7d4a7220e123ac') in 0.016962 seconds
Number of updated asset objects reloaded before import = 0
Number of asset objects unloaded after import = 3
========================================================================
Received Import Request.
  Time since last request: 44.621463 seconds.
  path: Assets/Sprites/Living Room/Materials/tvtable 1.mat
  artifactKey: Guid(cd1f525280cf4ea4890b42635558bc9e) Importer(815301076,1909f56bfc062723c751e8b465ee728b)
Start importing Assets/Sprites/Living Room/Materials/tvtable 1.mat using Guid(cd1f525280cf4ea4890b42635558bc9e) Importer(815301076,1909f56bfc062723c751e8b465ee728b)  -> (artifact id: '10800e939a6dbc19cb4abc4680dfce00') in 0.015296 seconds
Number of updated asset objects reloaded before import = 0
Number of asset objects unloaded after import = 3
========================================================================
Received Import Request.
  Time since last request: 29.995105 seconds.
  path: Assets/Sprites/Living Room/Materials/tvtable 1.mat
  artifactKey: Guid(714e556f35199204c83e1bff2a265369) Importer(815301076,1909f56bfc062723c751e8b465ee728b)
Start importing Assets/Sprites/Living Room/Materials/tvtable 1.mat using Guid(714e556f35199204c83e1bff2a265369) Importer(815301076,1909f56bfc062723c751e8b465ee728b)  -> (artifact id: 'ccc7d3652859af53abe68c5458a01b2b') in 0.017366 seconds
Number of updated asset objects reloaded before import = 0
Number of asset objects unloaded after import = 3
========================================================================
Received Import Request.
  Time since last request: 31.293784 seconds.
  path: Assets/Sprites/Living Room/Materials/tvtable 1.mat
  artifactKey: Guid(343281d072d321e44b718537d3f4ecda) Importer(815301076,1909f56bfc062723c751e8b465ee728b)
Start importing Assets/Sprites/Living Room/Materials/tvtable 1.mat using Guid(343281d072d321e44b718537d3f4ecda) Importer(815301076,1909f56bfc062723c751e8b465ee728b)  -> (artifact id: '52cbef707bf2e157d0c1cdf5d6cf8eb3') in 0.023038 seconds
Number of updated asset objects reloaded before import = 0
Number of asset objects unloaded after import = 3
========================================================================
Received Import Request.
  Time since last request: 24.650050 seconds.
  path: Assets/Sprites/Living Room/Materials/tvtable 1.mat
  artifactKey: Guid(ab6edad69ec17fc4185ac040857d1897) Importer(815301076,1909f56bfc062723c751e8b465ee728b)
Start importing Assets/Sprites/Living Room/Materials/tvtable 1.mat using Guid(ab6edad69ec17fc4185ac040857d1897) Importer(815301076,1909f56bfc062723c751e8b465ee728b)  -> (artifact id: '0ab79b46ef58f200b89a460172c707a3') in 0.012457 seconds
Number of updated asset objects reloaded before import = 0
Number of asset objects unloaded after import = 3
========================================================================
Received Import Request.
  Time since last request: 26.640868 seconds.
  path: Assets/Sprites/Living Room/Materials/tvtable 1.mat
  artifactKey: Guid(fd9f01828cf22014a91da5172fc08ce2) Importer(815301076,1909f56bfc062723c751e8b465ee728b)
Start importing Assets/Sprites/Living Room/Materials/tvtable 1.mat using Guid(fd9f01828cf22014a91da5172fc08ce2) Importer(815301076,1909f56bfc062723c751e8b465ee728b)  -> (artifact id: 'f84d51eec9bf6710c008b996ebf53107') in 0.011568 seconds
Number of updated asset objects reloaded before import = 0
Number of asset objects unloaded after import = 3
========================================================================
Received Import Request.
  Time since last request: 1326.392150 seconds.
  path: Assets/Materials/DoorClosed.mat
  artifactKey: Guid(de9c5528f10f5c048be6c3a2e097636a) Importer(815301076,1909f56bfc062723c751e8b465ee728b)
Start importing Assets/Materials/DoorClosed.mat using Guid(de9c5528f10f5c048be6c3a2e097636a) Importer(815301076,1909f56bfc062723c751e8b465ee728b)  -> (artifact id: '9c0f8fadecfc2e7c38696cb276e96597') in 0.017156 seconds
Number of updated asset objects reloaded before import = 0
Number of asset objects unloaded after import = 3
========================================================================
Received Import Request.
  Time since last request: 0.000013 seconds.
  path: Assets/Materials/Floyd Material.mat
  artifactKey: Guid(0b5bfc2abde7def43a2fdbaf842e1115) Importer(815301076,1909f56bfc062723c751e8b465ee728b)
Start importing Assets/Materials/Floyd Material.mat using Guid(0b5bfc2abde7def43a2fdbaf842e1115) Importer(815301076,1909f56bfc062723c751e8b465ee728b)  -> (artifact id: '15da6d24977fe2e4f4ea1232bb2d24e1') in 0.020307 seconds
Number of updated asset objects reloaded before import = 0
Number of asset objects unloaded after import = 3
Editor requested this worker to shutdown with reason: Scaling down because of idle timeout
TcpMessagingSession - receive error: operation aborted. errorcode: 995, details: The I/O operation has been aborted because of either a thread exit or an application request.
AssetImportWorker is now disconnected from the server
Process exiting
Exiting without the bug reporter. Application will terminate with return code 0