Using pre-set license
Built from '2022.3/staging' branch; Version is '2022.3.4f1 (35713cd46cd7) revision 3502396'; Using compiler version '192829333'; Build Type 'Release'
OS: 'Windows 11  (10.0.22631) 64bit Core' Language: 'en' Physical Memory: 32681 MB
BatchMode: 1, IsHumanControllingUs: 0, StartBugReporterOnCrash: 0, Is64bit: 1, IsPro: 1

COMMAND LINE ARGUMENTS:
C:\Program Files\Unity\Hub\Editor\2022.3.4f1\Editor\Unity.exe
-adb2
-batchMode
-noUpm
-name
AssetImportWorker4
-projectPath
C:/Users/Usuario/Documents/GitHub/Floyds-Dreams/game/Floyd's Dreams
-logFile
Logs/AssetImportWorker4.log
-srvPort
60011
Successfully changed project path to: C:/Users/Usuario/Documents/GitHub/Floyds-Dreams/game/Floyd's Dreams
C:/Users/Usuario/Documents/GitHub/Floyds-Dreams/game/Floyd's Dreams
[UnityMemory] Configuration Parameters - Can be set up in boot.config
    "memorysetup-bucket-allocator-granularity=16"
    "memorysetup-bucket-allocator-bucket-count=8"
    "memorysetup-bucket-allocator-block-size=33554432"
    "memorysetup-bucket-allocator-block-count=8"
    "memorysetup-main-allocator-block-size=16777216"
    "memorysetup-thread-allocator-block-size=16777216"
    "memorysetup-gfx-main-allocator-block-size=16777216"
    "memorysetup-gfx-thread-allocator-block-size=16777216"
    "memorysetup-cache-allocator-block-size=4194304"
    "memorysetup-typetree-allocator-block-size=2097152"
    "memorysetup-profiler-bucket-allocator-granularity=16"
    "memorysetup-profiler-bucket-allocator-bucket-count=8"
    "memorysetup-profiler-bucket-allocator-block-size=33554432"
    "memorysetup-profiler-bucket-allocator-block-count=8"
    "memorysetup-profiler-allocator-block-size=16777216"
    "memorysetup-profiler-editor-allocator-block-size=1048576"
    "memorysetup-temp-allocator-size-main=16777216"
    "memorysetup-job-temp-allocator-block-size=2097152"
    "memorysetup-job-temp-allocator-block-size-background=1048576"
    "memorysetup-job-temp-allocator-reduction-small-platforms=262144"
    "memorysetup-allocator-temp-initial-block-size-main=262144"
    "memorysetup-allocator-temp-initial-block-size-worker=262144"
    "memorysetup-temp-allocator-size-background-worker=32768"
    "memorysetup-temp-allocator-size-job-worker=262144"
    "memorysetup-temp-allocator-size-preload-manager=33554432"
    "memorysetup-temp-allocator-size-nav-mesh-worker=65536"
    "memorysetup-temp-allocator-size-audio-worker=65536"
    "memorysetup-temp-allocator-size-cloud-worker=32768"
    "memorysetup-temp-allocator-size-gi-baking-worker=262144"
    "memorysetup-temp-allocator-size-gfx=262144"
Player connection [16916] Host "[IP] 192.168.56.1 [Port] 0 [Flags] 2 [Guid] 3631899134 [EditorId] 3631899134 [Version] 1048832 [Id] WindowsEditor(7,DESKTOP-V8K467I) [Debug] 1 [PackageName] WindowsEditor [ProjectName] Editor" joined multi-casting on [225.0.0.222:54997]...

Player connection [16916] Host "[IP] 192.168.56.1 [Port] 0 [Flags] 2 [Guid] 3631899134 [EditorId] 3631899134 [Version] 1048832 [Id] WindowsEditor(7,DESKTOP-V8K467I) [Debug] 1 [PackageName] WindowsEditor [ProjectName] Editor" joined alternative multi-casting on [225.0.0.222:34997]...

Refreshing native plugins compatible for Editor in 4.75 ms, found 3 plugins.
Preloading 0 native plugins for Editor in 0.00 ms.
Initialize engine version: 2022.3.4f1 (35713cd46cd7)
[Subsystems] Discovering subsystems at path C:/Program Files/Unity/Hub/Editor/2022.3.4f1/Editor/Data/Resources/UnitySubsystems
[Subsystems] Discovering subsystems at path C:/Users/Usuario/Documents/GitHub/Floyds-Dreams/game/Floyd's Dreams/Assets
GfxDevice: creating device client; threaded=0; jobified=0
Direct3D:
    Version:  Direct3D 11.0 [level 11.1]
    Renderer: NVIDIA GeForce RTX 4060 (ID=0x2882)
    Vendor:   NVIDIA
    VRAM:     7957 MB
    Driver:   32.0.15.6094
Initialize mono
Mono path[0] = 'C:/Program Files/Unity/Hub/Editor/2022.3.4f1/Editor/Data/Managed'
Mono path[1] = 'C:/Program Files/Unity/Hub/Editor/2022.3.4f1/Editor/Data/MonoBleedingEdge/lib/mono/unityjit-win32'
Mono config path = 'C:/Program Files/Unity/Hub/Editor/2022.3.4f1/Editor/Data/MonoBleedingEdge/etc'
Using monoOptions --debugger-agent=transport=dt_socket,embedding=1,server=y,suspend=n,address=127.0.0.1:56112
Begin MonoManager ReloadAssembly
Registering precompiled unity dll's ...
Register platform support module: C:/Program Files/Unity/Hub/Editor/2022.3.4f1/Editor/Data/PlaybackEngines/WebGLSupport/UnityEditor.WebGL.Extensions.dll
Register platform support module: C:/Program Files/Unity/Hub/Editor/2022.3.4f1/Editor/Data/PlaybackEngines/AndroidPlayer/UnityEditor.Android.Extensions.dll
Register platform support module: C:/Program Files/Unity/Hub/Editor/2022.3.4f1/Editor/Data/PlaybackEngines/WindowsStandaloneSupport/UnityEditor.WindowsStandalone.Extensions.dll
Registered in 0.005791 seconds.
- Loaded All Assemblies, in  0.226 seconds
Native extension for WindowsStandalone target not found
Native extension for Android target not found
Android Extension - Scanning For ADB Devices 179 ms
Native extension for WebGL target not found
Mono: successfully reloaded assembly
- Finished resetting the current domain, in  0.423 seconds
Domain Reload Profiling: 648ms
	BeginReloadAssembly (58ms)
		ExecutionOrderSort (0ms)
		DisableScriptedObjects (0ms)
		BackupInstance (0ms)
		ReleaseScriptingObjects (0ms)
		CreateAndSetChildDomain (1ms)
	RebuildCommonClasses (23ms)
	RebuildNativeTypeToScriptingClass (7ms)
	initialDomainReloadingComplete (41ms)
	LoadAllAssembliesAndSetupDomain (96ms)
		LoadAssemblies (57ms)
		RebuildTransferFunctionScriptingTraits (0ms)
		AnalyzeDomain (92ms)
			TypeCache.Refresh (92ms)
				TypeCache.ScanAssembly (84ms)
			ScanForSourceGeneratedMonoScriptInfo (0ms)
			ResolveRequiredComponents (0ms)
	FinalizeReload (423ms)
		ReleaseScriptCaches (0ms)
		RebuildScriptCaches (0ms)
		SetupLoadedEditorAssemblies (381ms)
			LogAssemblyErrors (0ms)
			InitializePlatformSupportModulesInManaged (271ms)
			SetLoadedEditorAssemblies (3ms)
			RefreshPlugins (0ms)
			BeforeProcessingInitializeOnLoad (2ms)
			ProcessInitializeOnLoadAttributes (73ms)
			ProcessInitializeOnLoadMethodAttributes (33ms)
			AfterProcessingInitializeOnLoad (0ms)
			EditorAssembliesLoaded (0ms)
		ExecutionOrderSort2 (0ms)
		AwakeInstancesAfterBackupRestoration (0ms)
========================================================================
Worker process is ready to serve import requests
Begin MonoManager ReloadAssembly
Symbol file LoadedFromMemory doesn't match image C:\Users\Usuario\Documents\GitHub\Floyds-Dreams\game\Floyd's Dreams\Library\PackageCache\com.unity.visualscripting@1.8.0\Editor\VisualScripting.Core\Dependencies\YamlDotNet\Unity.VisualScripting.YamlDotNet.dll
Symbol file LoadedFromMemory doesn't match image C:\Users\Usuario\Documents\GitHub\Floyds-Dreams\game\Floyd's Dreams\Library\PackageCache\com.unity.visualscripting@1.8.0\Editor\VisualScripting.Core\Dependencies\DotNetZip\Unity.VisualScripting.IonicZip.dll
- Loaded All Assemblies, in  0.567 seconds
Refreshing native plugins compatible for Editor in 2.19 ms, found 3 plugins.
Native extension for WindowsStandalone target not found
Native extension for Android target not found
Native extension for WebGL target not found
Mono: successfully reloaded assembly
- Finished resetting the current domain, in  0.469 seconds
Domain Reload Profiling: 1035ms
	BeginReloadAssembly (99ms)
		ExecutionOrderSort (0ms)
		DisableScriptedObjects (5ms)
		BackupInstance (0ms)
		ReleaseScriptingObjects (0ms)
		CreateAndSetChildDomain (18ms)
	RebuildCommonClasses (23ms)
	RebuildNativeTypeToScriptingClass (7ms)
	initialDomainReloadingComplete (30ms)
	LoadAllAssembliesAndSetupDomain (407ms)
		LoadAssemblies (163ms)
		RebuildTransferFunctionScriptingTraits (0ms)
		AnalyzeDomain (285ms)
			TypeCache.Refresh (269ms)
				TypeCache.ScanAssembly (253ms)
			ScanForSourceGeneratedMonoScriptInfo (13ms)
			ResolveRequiredComponents (3ms)
	FinalizeReload (470ms)
		ReleaseScriptCaches (0ms)
		RebuildScriptCaches (0ms)
		SetupLoadedEditorAssemblies (324ms)
			LogAssemblyErrors (0ms)
			InitializePlatformSupportModulesInManaged (19ms)
			SetLoadedEditorAssemblies (2ms)
			RefreshPlugins (0ms)
			BeforeProcessingInitializeOnLoad (43ms)
			ProcessInitializeOnLoadAttributes (241ms)
			ProcessInitializeOnLoadMethodAttributes (15ms)
			AfterProcessingInitializeOnLoad (4ms)
			EditorAssembliesLoaded (0ms)
		ExecutionOrderSort2 (0ms)
		AwakeInstancesAfterBackupRestoration (6ms)
Launched and connected shader compiler UnityShaderCompiler.exe after 0.05 seconds
Refreshing native plugins compatible for Editor in 1.83 ms, found 3 plugins.
Preloading 0 native plugins for Editor in 0.00 ms.
Unloading 2982 Unused Serialized files (Serialized files now loaded: 0)
Unloading 32 unused Assets / (89.2 KB). Loaded Objects now: 3455.
Memory consumption went from 119.8 MB to 119.7 MB.
Total: 2.917100 ms (FindLiveObjects: 0.177700 ms CreateObjectMapping: 0.083600 ms MarkObjects: 2.558300 ms  DeleteObjects: 0.097100 ms)

AssetImportParameters requested are different than current active one (requested -> active):
  custom:container-demuxer-ogg: 62fdf1f143b41e24485cea50d1cbac27 -> 
  custom:video-codec-MediaFoundation-h265: 746d11721c4dcdbdad8f713fa42b33f4 -> 
  custom:video-decoder-ogg-theora: a1e56fd34408186e4bbccfd4996cb3dc -> 
  custom:framework-win-MediaFoundation: 216162199b28c13a410421893ffa2e32 -> 
  custom:CustomObjectIndexerAttribute: 756ad292c208cfabdd7b50bc23989ffe -> 
  custom:container-demuxer-webm: 4f35f7cbe854078d1ac9338744f61a02 -> 
  custom:container-muxer-webm: aa71ff27fc2769a1b78a27578f13a17b -> 
  custom:video-decoder-webm-vp8: 9c59270c3fd7afecdb556c50c9e8de78 -> 
  custom:AudioImporter_EditorPlatform: d09bf68614088b80899f8185d706f6e7 -> 
  custom:video-encoder-webm-vp8: eb34c28f22e8b96e1ab97ce403110664 -> 
  custom:audio-decoder-ogg-vorbis: bf7c407c2cedff20999df2af8eb42d56 -> 
  custom:audio-encoder-webm-vorbis: bf7c407c2cedff20999df2af8eb42d56 -> 
========================================================================
Received Import Request.
  Time since last request: 203738.016869 seconds.
  path: Assets/Sprites/room/balls_n.png
  artifactKey: Guid(6d3cc248cbacb634eb07e055cfb51568) Importer(815301076,1909f56bfc062723c751e8b465ee728b)
Start importing Assets/Sprites/room/balls_n.png using Guid(6d3cc248cbacb634eb07e055cfb51568) Importer(815301076,1909f56bfc062723c751e8b465ee728b)  -> (artifact id: '0f0e2157b91c5e8be3e53065d9d19b1a') in 0.047639 seconds
Number of updated asset objects reloaded before import = 0
Number of asset objects unloaded after import = 2
========================================================================
Received Import Request.
  Time since last request: 0.000016 seconds.
  path: Assets/Sprites/room/shroom_n.png
  artifactKey: Guid(8f2ac5f4a163a6a408af9c0076981171) Importer(815301076,1909f56bfc062723c751e8b465ee728b)
Start importing Assets/Sprites/room/shroom_n.png using Guid(8f2ac5f4a163a6a408af9c0076981171) Importer(815301076,1909f56bfc062723c751e8b465ee728b)  -> (artifact id: 'e1fb89135318e8de4ef0af78aaa09c2e') in 0.015236 seconds
Number of updated asset objects reloaded before import = 0
Number of asset objects unloaded after import = 2
========================================================================
Received Import Request.
  Time since last request: 30.514841 seconds.
  path: Assets/Sprites/room/Materials
  artifactKey: Guid(8442993b3a05bc5459422c9a889030c3) Importer(815301076,1909f56bfc062723c751e8b465ee728b)
Start importing Assets/Sprites/room/Materials using Guid(8442993b3a05bc5459422c9a889030c3) Importer(815301076,1909f56bfc062723c751e8b465ee728b)  -> (artifact id: '5e4aadadd4539ea54ff00c68aacc3b21') in 0.000510 seconds
Number of updated asset objects reloaded before import = 0
Number of asset objects unloaded after import = 0
========================================================================
Received Import Request.
  Time since last request: 0.082656 seconds.
  path: Assets/Sprites/room/Materials/nube.mat
  artifactKey: Guid(264b74ebc79dcfb4fb680c86a0fb6879) Importer(815301076,1909f56bfc062723c751e8b465ee728b)
Start importing Assets/Sprites/room/Materials/nube.mat using Guid(264b74ebc79dcfb4fb680c86a0fb6879) Importer(815301076,1909f56bfc062723c751e8b465ee728b)  -> (artifact id: 'f5be00f926a443c71dea9679536e4326') in 0.053269 seconds
Number of updated asset objects reloaded before import = 0
Number of asset objects unloaded after import = 2
========================================================================
Received Import Request.
  Time since last request: 14.464428 seconds.
  path: Assets/Sprites/Materials
  artifactKey: Guid(3bf9af70b7a8508469109f226f727160) Importer(815301076,1909f56bfc062723c751e8b465ee728b)
Start importing Assets/Sprites/Materials using Guid(3bf9af70b7a8508469109f226f727160) Importer(815301076,1909f56bfc062723c751e8b465ee728b)  -> (artifact id: 'ca294301104fb0674bc3d5a611889583') in 0.000467 seconds
Number of updated asset objects reloaded before import = 0
Number of asset objects unloaded after import = 0
========================================================================
Received Import Request.
  Time since last request: 0.099734 seconds.
  path: Assets/Sprites/Materials/Floyd Material.mat
  artifactKey: Guid(0b5bfc2abde7def43a2fdbaf842e1115) Importer(815301076,1909f56bfc062723c751e8b465ee728b)
Start importing Assets/Sprites/Materials/Floyd Material.mat using Guid(0b5bfc2abde7def43a2fdbaf842e1115) Importer(815301076,1909f56bfc062723c751e8b465ee728b)  -> (artifact id: '8fe25dc3faec5539f0a46852c4ea8e1b') in 0.026372 seconds
Number of updated asset objects reloaded before import = 0
Number of asset objects unloaded after import = 2
========================================================================
Received Import Request.
  Time since last request: 19.086372 seconds.
  path: Assets/Sprites/Materials/Room.mat
  artifactKey: Guid(d5ab7c16dfaad8740834f42f72eb4e32) Importer(815301076,1909f56bfc062723c751e8b465ee728b)
Start importing Assets/Sprites/Materials/Room.mat using Guid(d5ab7c16dfaad8740834f42f72eb4e32) Importer(815301076,1909f56bfc062723c751e8b465ee728b)  -> (artifact id: '4f8e5f24ec0ed22de8ebaf46e7be1b23') in 0.012407 seconds
Number of updated asset objects reloaded before import = 0
Number of asset objects unloaded after import = 1
========================================================================
Received Import Request.
  Time since last request: 63.571554 seconds.
  path: Assets/Sprites/Materials/Estanteria.mat
  artifactKey: Guid(cd9396c87d78ff84aa4e9d141bbfafab) Importer(815301076,1909f56bfc062723c751e8b465ee728b)
Start importing Assets/Sprites/Materials/Estanteria.mat using Guid(cd9396c87d78ff84aa4e9d141bbfafab) Importer(815301076,1909f56bfc062723c751e8b465ee728b)  -> (artifact id: 'bcf3c6667729244f43232f46126b6048') in 0.012611 seconds
Number of updated asset objects reloaded before import = 0
Number of asset objects unloaded after import = 1
========================================================================
Received Import Request.
  Time since last request: 9.369285 seconds.
  path: Assets/Sprites/room/Materials/Floyd Material.mat
  artifactKey: Guid(0b5bfc2abde7def43a2fdbaf842e1115) Importer(815301076,1909f56bfc062723c751e8b465ee728b)
Start importing Assets/Sprites/room/Materials/Floyd Material.mat using Guid(0b5bfc2abde7def43a2fdbaf842e1115) Importer(815301076,1909f56bfc062723c751e8b465ee728b)  -> (artifact id: 'e063b213638bc026b8fff1de20a33fe1') in 0.031976 seconds
Number of updated asset objects reloaded before import = 0
Number of asset objects unloaded after import = 3
========================================================================
Received Import Request.
  Time since last request: 49.181745 seconds.
  path: Assets/Sprites/room/Materials/bed.mat
  artifactKey: Guid(9db192840f44017409e1e75eea0d6122) Importer(815301076,1909f56bfc062723c751e8b465ee728b)
Start importing Assets/Sprites/room/Materials/bed.mat using Guid(9db192840f44017409e1e75eea0d6122) Importer(815301076,1909f56bfc062723c751e8b465ee728b)  -> (artifact id: 'da2253251e877d9df8011fa13cd58089') in 0.013628 seconds
Number of updated asset objects reloaded before import = 0
Number of asset objects unloaded after import = 1
========================================================================
Received Import Request.
  Time since last request: 144.748977 seconds.
  path: Assets/Sprites/room/Materials/bed.mat
  artifactKey: Guid(9db192840f44017409e1e75eea0d6122) Importer(815301076,1909f56bfc062723c751e8b465ee728b)
Start importing Assets/Sprites/room/Materials/bed.mat using Guid(9db192840f44017409e1e75eea0d6122) Importer(815301076,1909f56bfc062723c751e8b465ee728b)  -> (artifact id: '45a991a516ad55cd271619d098241274') in 0.013001 seconds
Number of updated asset objects reloaded before import = 0
Number of asset objects unloaded after import = 3
========================================================================
Received Import Request.
  Time since last request: 0.000019 seconds.
  path: Assets/Sprites/room/Materials/Estanteria 1.mat
  artifactKey: Guid(78f76f7e73b40964a94e748d50d8205f) Importer(815301076,1909f56bfc062723c751e8b465ee728b)
Start importing Assets/Sprites/room/Materials/Estanteria 1.mat using Guid(78f76f7e73b40964a94e748d50d8205f) Importer(815301076,1909f56bfc062723c751e8b465ee728b)  -> (artifact id: 'edb7cfcc11ec455ac649acb204efcee2') in 0.011416 seconds
Number of updated asset objects reloaded before import = 0
Number of asset objects unloaded after import = 3
========================================================================
Received Import Request.
  Time since last request: 22.990402 seconds.
  path: Assets/Sprites/room/Materials/ventana.mat
  artifactKey: Guid(78f76f7e73b40964a94e748d50d8205f) Importer(815301076,1909f56bfc062723c751e8b465ee728b)
Start importing Assets/Sprites/room/Materials/ventana.mat using Guid(78f76f7e73b40964a94e748d50d8205f) Importer(815301076,1909f56bfc062723c751e8b465ee728b)  -> (artifact id: 'abedb4bc8ceefeb189f2ca243968b714') in 0.071938 seconds
Number of updated asset objects reloaded before import = 0
Number of asset objects unloaded after import = 3
========================================================================
Received Import Request.
  Time since last request: 42.752713 seconds.
  path: Assets/Sprites/room/Materials/ventana 1.mat
  artifactKey: Guid(f206c239f05ee2849bfbcc96e29a3aa1) Importer(815301076,1909f56bfc062723c751e8b465ee728b)
Start importing Assets/Sprites/room/Materials/ventana 1.mat using Guid(f206c239f05ee2849bfbcc96e29a3aa1) Importer(815301076,1909f56bfc062723c751e8b465ee728b)  -> (artifact id: 'b0a18a36f7fe11d7ca2d831c5620665d') in 0.014428 seconds
Number of updated asset objects reloaded before import = 0
Number of asset objects unloaded after import = 3
========================================================================
Received Import Request.
  Time since last request: 22.785561 seconds.
  path: Assets/Sprites/room/Materials/table.mat
  artifactKey: Guid(f206c239f05ee2849bfbcc96e29a3aa1) Importer(815301076,1909f56bfc062723c751e8b465ee728b)
Start importing Assets/Sprites/room/Materials/table.mat using Guid(f206c239f05ee2849bfbcc96e29a3aa1) Importer(815301076,1909f56bfc062723c751e8b465ee728b)  -> (artifact id: 'ae170f8b21353993e19c4f777a28f827') in 0.029750 seconds
Number of updated asset objects reloaded before import = 0
Number of asset objects unloaded after import = 3
========================================================================
Received Import Request.
  Time since last request: 44.554811 seconds.
  path: Assets/Sprites/room/Materials/ventana 1.mat
  artifactKey: Guid(4929aaefcf59cd244a5c1ae71f99bf55) Importer(815301076,1909f56bfc062723c751e8b465ee728b)
Start importing Assets/Sprites/room/Materials/ventana 1.mat using Guid(4929aaefcf59cd244a5c1ae71f99bf55) Importer(815301076,1909f56bfc062723c751e8b465ee728b)  -> (artifact id: '00d34a0448e2992af578aacfaa35f3a0') in 0.011759 seconds
Number of updated asset objects reloaded before import = 0
Number of asset objects unloaded after import = 3
========================================================================
Received Import Request.
  Time since last request: 5.221508 seconds.
  path: Assets/Sprites/room/Materials/nube.mat
  artifactKey: Guid(4929aaefcf59cd244a5c1ae71f99bf55) Importer(815301076,1909f56bfc062723c751e8b465ee728b)
Start importing Assets/Sprites/room/Materials/nube.mat using Guid(4929aaefcf59cd244a5c1ae71f99bf55) Importer(815301076,1909f56bfc062723c751e8b465ee728b)  -> (artifact id: '73083d800eb363b6859582be68455ceb') in 0.024880 seconds
Number of updated asset objects reloaded before import = 0
Number of asset objects unloaded after import = 3
========================================================================
Received Import Request.
  Time since last request: 79.834616 seconds.
  path: Assets/Sprites/room/Materials/nube.mat
  artifactKey: Guid(4929aaefcf59cd244a5c1ae71f99bf55) Importer(815301076,1909f56bfc062723c751e8b465ee728b)
Start importing Assets/Sprites/room/Materials/nube.mat using Guid(4929aaefcf59cd244a5c1ae71f99bf55) Importer(815301076,1909f56bfc062723c751e8b465ee728b)  -> (artifact id: 'e99c0f22ea8942cfe584b1336f34a6f6') in 0.014815 seconds
Number of updated asset objects reloaded before import = 0
Number of asset objects unloaded after import = 3
========================================================================
Received Import Request.
  Time since last request: 15.703962 seconds.
  path: Assets/Sprites/room/Materials/silla1.mat
  artifactKey: Guid(139190d23309c8e459f5fdbc605b6771) Importer(815301076,1909f56bfc062723c751e8b465ee728b)
Start importing Assets/Sprites/room/Materials/silla1.mat using Guid(139190d23309c8e459f5fdbc605b6771) Importer(815301076,1909f56bfc062723c751e8b465ee728b)  -> (artifact id: 'ccb6a1cb82eed3fc6f1f11aa550f5494') in 0.028286 seconds
Number of updated asset objects reloaded before import = 0
Number of asset objects unloaded after import = 3
========================================================================
Received Import Request.
  Time since last request: 44.162165 seconds.
  path: Assets/Sprites/room/Materials/ventana 1.mat
  artifactKey: Guid(e8056b0d4973e0147b13ad9340aad18e) Importer(815301076,1909f56bfc062723c751e8b465ee728b)
Start importing Assets/Sprites/room/Materials/ventana 1.mat using Guid(e8056b0d4973e0147b13ad9340aad18e) Importer(815301076,1909f56bfc062723c751e8b465ee728b)  -> (artifact id: '326fe54d4a2d3f6a80ef1ff2f700c0dc') in 0.012448 seconds
Number of updated asset objects reloaded before import = 0
Number of asset objects unloaded after import = 3
========================================================================
Received Import Request.
  Time since last request: 6.274488 seconds.
  path: Assets/Sprites/room/Materials/armario.mat
  artifactKey: Guid(e8056b0d4973e0147b13ad9340aad18e) Importer(815301076,1909f56bfc062723c751e8b465ee728b)
Start importing Assets/Sprites/room/Materials/armario.mat using Guid(e8056b0d4973e0147b13ad9340aad18e) Importer(815301076,1909f56bfc062723c751e8b465ee728b)  -> (artifact id: '57d76a9d44dc6027ea4bba932bc19958') in 0.013411 seconds
Number of updated asset objects reloaded before import = 0
Number of asset objects unloaded after import = 3
========================================================================
Received Import Request.
  Time since last request: 128.137523 seconds.
  path: Assets/Sprites/room/Materials/armario.mat
  artifactKey: Guid(e8056b0d4973e0147b13ad9340aad18e) Importer(815301076,1909f56bfc062723c751e8b465ee728b)
Start importing Assets/Sprites/room/Materials/armario.mat using Guid(e8056b0d4973e0147b13ad9340aad18e) Importer(815301076,1909f56bfc062723c751e8b465ee728b)  -> (artifact id: '0d83e999ed8ffd3100983263256ce002') in 0.019527 seconds
Number of updated asset objects reloaded before import = 0
Number of asset objects unloaded after import = 3
========================================================================
Received Import Request.
  Time since last request: 6.988077 seconds.
  path: Assets/Sprites/room/Materials/silla2.mat
  artifactKey: Guid(c773481787bd10145b51a34a6d5efad4) Importer(815301076,1909f56bfc062723c751e8b465ee728b)
Start importing Assets/Sprites/room/Materials/silla2.mat using Guid(c773481787bd10145b51a34a6d5efad4) Importer(815301076,1909f56bfc062723c751e8b465ee728b)  -> (artifact id: '84f804fd35f1b53894160231f6f6b92e') in 0.012169 seconds
Number of updated asset objects reloaded before import = 0
Number of asset objects unloaded after import = 3
========================================================================
Received Prepare
Begin MonoManager ReloadAssembly
Symbol file LoadedFromMemory doesn't match image C:\Users\Usuario\Documents\GitHub\Floyds-Dreams\game\Floyd's Dreams\Library\PackageCache\com.unity.visualscripting@1.8.0\Editor\VisualScripting.Core\Dependencies\YamlDotNet\Unity.VisualScripting.YamlDotNet.dll
Symbol file LoadedFromMemory doesn't match image C:\Users\Usuario\Documents\GitHub\Floyds-Dreams\game\Floyd's Dreams\Library\PackageCache\com.unity.visualscripting@1.8.0\Editor\VisualScripting.Core\Dependencies\DotNetZip\Unity.VisualScripting.IonicZip.dll
- Loaded All Assemblies, in  0.455 seconds
Refreshing native plugins compatible for Editor in 2.18 ms, found 3 plugins.
Native extension for WindowsStandalone target not found
Native extension for Android target not found
Native extension for WebGL target not found
Mono: successfully reloaded assembly
- Finished resetting the current domain, in  0.654 seconds
Domain Reload Profiling: 1108ms
	BeginReloadAssembly (108ms)
		ExecutionOrderSort (0ms)
		DisableScriptedObjects (4ms)
		BackupInstance (0ms)
		ReleaseScriptingObjects (0ms)
		CreateAndSetChildDomain (31ms)
	RebuildCommonClasses (22ms)
	RebuildNativeTypeToScriptingClass (8ms)
	initialDomainReloadingComplete (21ms)
	LoadAllAssembliesAndSetupDomain (295ms)
		LoadAssemblies (173ms)
		RebuildTransferFunctionScriptingTraits (0ms)
		AnalyzeDomain (167ms)
			TypeCache.Refresh (162ms)
				TypeCache.ScanAssembly (155ms)
			ScanForSourceGeneratedMonoScriptInfo (2ms)
			ResolveRequiredComponents (2ms)
	FinalizeReload (654ms)
		ReleaseScriptCaches (0ms)
		RebuildScriptCaches (0ms)
		SetupLoadedEditorAssemblies (279ms)
			LogAssemblyErrors (0ms)
			InitializePlatformSupportModulesInManaged (17ms)
			SetLoadedEditorAssemblies (2ms)
			RefreshPlugins (0ms)
			BeforeProcessingInitializeOnLoad (40ms)
			ProcessInitializeOnLoadAttributes (202ms)
			ProcessInitializeOnLoadMethodAttributes (14ms)
			AfterProcessingInitializeOnLoad (4ms)
			EditorAssembliesLoaded (0ms)
		ExecutionOrderSort2 (0ms)
		AwakeInstancesAfterBackupRestoration (4ms)
Refreshing native plugins compatible for Editor in 1.85 ms, found 3 plugins.
Preloading 0 native plugins for Editor in 0.00 ms.
Unloading 2985 Unused Serialized files (Serialized files now loaded: 0)
Unloading 23 unused Assets / (61.4 KB). Loaded Objects now: 3512.
Memory consumption went from 119.3 MB to 119.3 MB.
Total: 2.721400 ms (FindLiveObjects: 0.196500 ms CreateObjectMapping: 0.083900 ms MarkObjects: 2.369600 ms  DeleteObjects: 0.070600 ms)

Prepare: number of updated asset objects reloaded= 0
AssetImportParameters requested are different than current active one (requested -> active):
  custom:container-demuxer-ogg: 62fdf1f143b41e24485cea50d1cbac27 -> 
  custom:video-codec-MediaFoundation-h265: 746d11721c4dcdbdad8f713fa42b33f4 -> 
  custom:video-decoder-ogg-theora: a1e56fd34408186e4bbccfd4996cb3dc -> 
  custom:framework-win-MediaFoundation: 216162199b28c13a410421893ffa2e32 -> 
  custom:CustomObjectIndexerAttribute: 756ad292c208cfabdd7b50bc23989ffe -> 
  custom:container-demuxer-webm: 4f35f7cbe854078d1ac9338744f61a02 -> 
  custom:container-muxer-webm: aa71ff27fc2769a1b78a27578f13a17b -> 
  custom:video-decoder-webm-vp8: 9c59270c3fd7afecdb556c50c9e8de78 -> 
  custom:AudioImporter_EditorPlatform: d09bf68614088b80899f8185d706f6e7 -> 
  custom:video-encoder-webm-vp8: eb34c28f22e8b96e1ab97ce403110664 -> 
  custom:audio-decoder-ogg-vorbis: bf7c407c2cedff20999df2af8eb42d56 -> 
  custom:audio-encoder-webm-vorbis: bf7c407c2cedff20999df2af8eb42d56 -> 
========================================================================
Received Import Request.
  Time since last request: 509.468161 seconds.
  path: Packages/com.unity.2d.pixel-perfect/package.json
  artifactKey: Guid(b1c570008ebc15d4183516ca5722a39e) Importer(815301076,1909f56bfc062723c751e8b465ee728b)
Start importing Packages/com.unity.2d.pixel-perfect/package.json using Guid(b1c570008ebc15d4183516ca5722a39e) Importer(815301076,1909f56bfc062723c751e8b465ee728b)  -> (artifact id: '97bd61bce2278759036355c3ce4bba8f') in 0.007772 seconds
Number of updated asset objects reloaded before import = 0
Number of asset objects unloaded after import = 1
========================================================================
Received Import Request.
  Time since last request: 632.579137 seconds.
  path: Assets/Prefabs/Floys.prefab
  artifactKey: Guid(03b5247360d1205419ef310423688be4) Importer(815301076,1909f56bfc062723c751e8b465ee728b)
Start importing Assets/Prefabs/Floys.prefab using Guid(03b5247360d1205419ef310423688be4) Importer(815301076,1909f56bfc062723c751e8b465ee728b)  -> (artifact id: '504ef5ce2d27b353a22e7693587aece9') in 0.013194 seconds
Number of updated asset objects reloaded before import = 0
Number of asset objects unloaded after import = 7
========================================================================
Received Import Request.
  Time since last request: 21.810664 seconds.
  path: Assets/Prefabs/Floys.prefab
  artifactKey: Guid(03b5247360d1205419ef310423688be4) Importer(815301076,1909f56bfc062723c751e8b465ee728b)
Start importing Assets/Prefabs/Floys.prefab using Guid(03b5247360d1205419ef310423688be4) Importer(815301076,1909f56bfc062723c751e8b465ee728b)  -> (artifact id: 'eef08b68d004428a6d4187385a9819fb') in 0.129250 seconds
Internal: There are remaining Allocations on the JobTempAlloc. This is a leak, and will impact performance
To Debug, run app with -diag-job-temp-memory-leak-validation cmd line argument. This will output the callstacks of the leaked allocations.
Number of updated asset objects reloaded before import = 0
Number of asset objects unloaded after import = 140
========================================================================
Received Import Request.
  Time since last request: 290.041190 seconds.
  path: Assets/Sprites/room/estanteria.png
  artifactKey: Guid(57b4cc6828ebf5f48890849683b834fa) Importer(815301076,1909f56bfc062723c751e8b465ee728b)
Start importing Assets/Sprites/room/estanteria.png using Guid(57b4cc6828ebf5f48890849683b834fa) Importer(815301076,1909f56bfc062723c751e8b465ee728b)  -> (artifact id: 'c9edaace50ec49faad65250ebd359340') in 0.035697 seconds
Internal: There are remaining Allocations on the JobTempAlloc. This is a leak, and will impact performance
To Debug, run app with -diag-job-temp-memory-leak-validation cmd line argument. This will output the callstacks of the leaked allocations.
Number of updated asset objects reloaded before import = 0
Number of asset objects unloaded after import = 3
========================================================================
Received Import Request.
  Time since last request: 25.739517 seconds.
  path: Assets/Sprites/room/balls.png
  artifactKey: Guid(30c94f4a37ee7c748b90f015a0db9dd8) Importer(815301076,1909f56bfc062723c751e8b465ee728b)
Start importing Assets/Sprites/room/balls.png using Guid(30c94f4a37ee7c748b90f015a0db9dd8) Importer(815301076,1909f56bfc062723c751e8b465ee728b)  -> (artifact id: '669101efde7b6587bd657ec195cc8079') in 0.016284 seconds
Internal: There are remaining Allocations on the JobTempAlloc. This is a leak, and will impact performance
To Debug, run app with -diag-job-temp-memory-leak-validation cmd line argument. This will output the callstacks of the leaked allocations.
Number of updated asset objects reloaded before import = 0
Number of asset objects unloaded after import = 3
========================================================================
Received Import Request.
  Time since last request: 0.000017 seconds.
  path: Assets/Sprites/room/silla2.png
  artifactKey: Guid(37ac6131423dd3f4890f9da9393bb488) Importer(815301076,1909f56bfc062723c751e8b465ee728b)
Start importing Assets/Sprites/room/silla2.png using Guid(37ac6131423dd3f4890f9da9393bb488) Importer(815301076,1909f56bfc062723c751e8b465ee728b)  -> (artifact id: '80b0ebbc01253c019dab484c4f9c8bb7') in 0.012762 seconds
Internal: JobTempAlloc has allocations that are more than the maximum lifespan of 4 frames old - this is not allowed and likely a leak
To Debug, run app with -diag-job-temp-memory-leak-validation cmd line argument. This will output the callstacks of the leaked allocations.
Internal: There are remaining Allocations on the JobTempAlloc. This is a leak, and will impact performance
To Debug, run app with -diag-job-temp-memory-leak-validation cmd line argument. This will output the callstacks of the leaked allocations.
Number of updated asset objects reloaded before import = 0
Number of asset objects unloaded after import = 3
========================================================================
Received Import Request.
  Time since last request: 0.000013 seconds.
  path: Assets/Sprites/room/table.png
  artifactKey: Guid(b36dfc971a87de347b7c80f95aaa794c) Importer(815301076,1909f56bfc062723c751e8b465ee728b)
Start importing Assets/Sprites/room/table.png using Guid(b36dfc971a87de347b7c80f95aaa794c) Importer(815301076,1909f56bfc062723c751e8b465ee728b)  -> (artifact id: '5fa6dc31047e9a11b70cd0b05d677273') in 0.011333 seconds
Internal: There are remaining Allocations on the JobTempAlloc. This is a leak, and will impact performance
To Debug, run app with -diag-job-temp-memory-leak-validation cmd line argument. This will output the callstacks of the leaked allocations.
Number of updated asset objects reloaded before import = 0
Number of asset objects unloaded after import = 3
========================================================================
Received Import Request.
  Time since last request: 0.000018 seconds.
  path: Assets/Sprites/room/nube.png
  artifactKey: Guid(c949a9fd93503bd46ba30a4370ba5110) Importer(815301076,1909f56bfc062723c751e8b465ee728b)
Start importing Assets/Sprites/room/nube.png using Guid(c949a9fd93503bd46ba30a4370ba5110) Importer(815301076,1909f56bfc062723c751e8b465ee728b)  -> (artifact id: '7a2dc1f3682b61f9d7587ca848bb32c7') in 0.032299 seconds
Internal: There are remaining Allocations on the JobTempAlloc. This is a leak, and will impact performance
To Debug, run app with -diag-job-temp-memory-leak-validation cmd line argument. This will output the callstacks of the leaked allocations.
Number of updated asset objects reloaded before import = 0
Number of asset objects unloaded after import = 3
========================================================================
Received Import Request.
  Time since last request: 0.000018 seconds.
  path: Assets/Sprites/room/room.png
  artifactKey: Guid(ba4b64e7ae8aa5e4a8171e9287eba5f9) Importer(815301076,1909f56bfc062723c751e8b465ee728b)
Start importing Assets/Sprites/room/room.png using Guid(ba4b64e7ae8aa5e4a8171e9287eba5f9) Importer(815301076,1909f56bfc062723c751e8b465ee728b)  -> (artifact id: 'f0e835082bb21dc4c9fc15ca26c6119c') in 0.034211 seconds
Internal: There are remaining Allocations on the JobTempAlloc. This is a leak, and will impact performance
To Debug, run app with -diag-job-temp-memory-leak-validation cmd line argument. This will output the callstacks of the leaked allocations.
Number of updated asset objects reloaded before import = 0
Number of asset objects unloaded after import = 3
========================================================================
Received Import Request.
  Time since last request: 0.000015 seconds.
  path: Assets/Sprites/room/shroom.png
  artifactKey: Guid(71d4b84cd18271e47a21b2cedcb7b540) Importer(815301076,1909f56bfc062723c751e8b465ee728b)
Start importing Assets/Sprites/room/shroom.png using Guid(71d4b84cd18271e47a21b2cedcb7b540) Importer(815301076,1909f56bfc062723c751e8b465ee728b)  -> (artifact id: 'c180a1901320ed37f3ede34489ca0b2a') in 0.025785 seconds
Internal: There are remaining Allocations on the JobTempAlloc. This is a leak, and will impact performance
To Debug, run app with -diag-job-temp-memory-leak-validation cmd line argument. This will output the callstacks of the leaked allocations.
Number of updated asset objects reloaded before import = 0
Number of asset objects unloaded after import = 3
Editor requested this worker to shutdown with reason: Scaling down because of idle timeout
TcpMessagingSession - receive error: operation aborted. errorcode: 995, details: The I/O operation has been aborted because of either a thread exit or an application request.
AssetImportWorker is now disconnected from the server
Process exiting
Exiting without the bug reporter. Application will terminate with return code 0